# Brian Mc George
# MCGBRI004
# 17-04-2015
# Tail recursive code

6> (generateSuccessorStates '((1 1) (2 1) (3 1) (4 1) (5 3) (6 3) (7 3) (8 3)) '())
| > (generateSuccessorStates '((1 1) (2 1) (3 1) (4 1) (5 3) (6 3) (7 3) (8 3)) '())
| | > (rotate "x" '((1 1) (2 1) (3 1) (4 1) (5 3) (6 3) (7 3) (8 3)))
| | > (rotate "" '((5 4) (2 1) (1 2) (4 1) (7 4) (6 3) (3 2) (8 3)))
| | ((5 4) (2 1) (1 2) (4 1) (7 4) (6 3) (3 2) (8 3))
| | > (rotate "X" '((1 1) (2 1) (3 1) (4 1) (5 3) (6 3) (7 3) (8 3)))
| | > (rotate "" '((3 4) (2 1) (7 2) (4 1) (1 4) (6 3) (5 2) (8 3)))
| | ((3 4) (2 1) (7 2) (4 1) (1 4) (6 3) (5 2) (8 3))
| | > (rotate "y" '((1 1) (2 1) (3 1) (4 1) (5 3) (6 3) (7 3) (8 3)))
| | > (rotate "" '((1 1) (2 1) (3 1) (4 1) (6 3) (8 3) (5 3) (7 3)))
| | ((1 1) (2 1) (3 1) (4 1) (6 3) (8 3) (5 3) (7 3))
| | > (rotate "Y" '((1 1) (2 1) (3 1) (4 1) (5 3) (6 3) (7 3) (8 3)))
| | > (rotate "" '((1 1) (2 1) (3 1) (4 1) (7 3) (5 3) (8 3) (6 3)))
| | ((1 1) (2 1) (3 1) (4 1) (7 3) (5 3) (8 3) (6 3))
| | > (rotate "z" '((1 1) (2 1) (3 1) (4 1) (5 3) (6 3) (7 3) (8 3)))
| | > (rotate "" '((2 5) (6 6) (3 1) (4 1) (1 5) (5 6) (7 3) (8 3)))
| | ((2 5) (6 6) (3 1) (4 1) (1 5) (5 6) (7 3) (8 3))
| | > (rotate "Z" '((1 1) (2 1) (3 1) (4 1) (5 3) (6 3) (7 3) (8 3)))
| | > (rotate "" '((5 5) (1 6) (3 1) (4 1) (6 5) (2 6) (7 3) (8 3)))
| | ((5 5) (1 6) (3 1) (4 1) (6 5) (2 6) (7 3) (8 3))
| ((((5 4) (2 1) (1 2) (4 1) (7 4) (6 3) (3 2) (8 3)) ((3 4) (2 1) (7 2) (4 1) (1 4) (6 3) (5 2) (8 3)) ((1 1) (2 1) (3 1) (4 1...

((((5 4) (2 1) (1 2) (4 1) (7 4) (6 3) (3 2) (8 3))
  ((3 4) (2 1) (7 2) (4 1) (1 4) (6 3) (5 2) (8 3))
  ((1 1) (2 1) (3 1) (4 1) (6 3) (8 3) (5 3) (7 3))
  ((1 1) (2 1) (3 1) (4 1) (7 3) (5 3) (8 3) (6 3))
  ((2 5) (6 6) (3 1) (4 1) (1 5) (5 6) (7 3) (8 3))
  ((5 5) (1 6) (3 1) (4 1) (6 5) (2 6) (7 3) (8 3)))
 (("x") ("X") ("y") ("Y") ("z") ("Z")))