# Brian Mc George
# MCGBRI004
# 17-04-2015
# N.B. This function is not tail recursive by design!
# Please see theoretical questions pdf or Readme for more information.
# This is only a snip-it since the output is very long
# Test command: (genStatesOptimised 5 '((1 1) (2 1) (3 1) (4 1) (5 3) (6 3) (7 3) (8 3)) '())

> (genStatesOptimised 5 '((1 1) (2 1) (3 1) (4 1) (5 3) (6 3) (7 3) (8 3)) '())
| > (genStatesOptimised 5 '((1 1) (2 1) (3 1) (4 1) (5 3) (6 3) (7 3) (8 3)) ...

| | > (generateOptimisedSuccessorStates '((1 1) (2 1) (3 1) (4 1) (5 3) (6 3)...

| | ((((5 4) (2 1) (1 2) (4 1) (7 4) (6 3) (3 2) (8 3)) ((3 4) (2 1) (7 2) (4...

| | > (genStatesOptimised 4 '((5 4) (2 1) (1 2) (4 1) (7 4) (6 3) (3 2) (8 3)...

| | | > (generateOptimisedSuccessorStates '((5 4) (2 1) (1 2) (4 1) (7 4) (6 ...

| | | ((((7 1) (2 1) (5 1) (4 1) (3 3) (6 3) (1 3) (8 3)) ((5 4) (2 1) (1 2) ...

| | | > (genStatesOptimised 3 '((7 1) (2 1) (5 1) (4 1) (3 3) (6 3) (1 3) (8 ...

| | | | > (generateOptimisedSuccessorStates '((7 1) (2 1) (5 1) (4 1) (3 3) (...

| | | | ((((3 4) (2 1) (7 2) (4 1) (1 4) (6 3) (5 2) (8 3)) ((7 1) (2 1) (5 1...

| | | | > (genStatesOptimised 2 '((3 4) (2 1) (7 2) (4 1) (1 4) (6 3) (5 2) (...

| | | | | > (generateOptimisedSuccessorStates '((3 4) (2 1) (7 2) (4 1) (1 4)...

| | | | | ((((1 1) (2 1) (3 1) (4 1) (5 3) (6 3) (7 3) (8 3)) ((3 4) (2 1) (7...

| | | | | > (genStatesOptimised 1 '((1 1) (2 1) (3 1) (4 1) (5 3) (6 3) (7 3)...

| | | | | > (generateOptimisedSuccessorStates '((1 1) (2 1) (3 1) (4 1) (5 3)...

| | | | | ((((5 4) (2 1) (1 2) (4 1) (7 4) (6 3) (3 2) (8 3)) ((1 1) (2 1) (3...

| | | | | > (genStatesOptimised 1 '((3 4) (2 1) (7 2) (4 1) (6 3) (8 3) (1 5)...

| | | | | > (generateOptimisedSuccessorStates '((3 4) (2 1) (7 2) (4 1) (6 3)...

| | | | | ((((6 4) (2 1) (3 1) (4 1) (1 5) (8 3) (7 3) (5 6)) ((7 1) (2 1) (1...

| | | | | > (genStatesOptimised 1 '((3 4) (2 1) (7 2) (4 1) (5 5) (1 6) (8 3)...

| | | | | > (generateOptimisedSuccessorStates '((3 4) (2 1) (7 2) (4 1) (5 5)...

| | | | | ((((5 5) (2 1) (3 1) (4 1) (8 4) (1 6) (7 3) (6 3)) ((7 1) (2 1) (8...

| | | | | > (genStatesOptimised 1 '((2 5) (6 6) (7 2) (4 1) (3 4) (1 4) (5 2)...

| | | | | > (generateOptimisedSuccessorStates '((2 5) (6 6) (7 2) (4 1) (3 4)...

| | | | | ((((3 1) (6 6) (2 5) (4 1) (5 3) (1 4) (7 3) (8 3)) ((7 1) (6 6) (5...

| | | | | > (genStatesOptimised 1 '((1 4) (3 4) (7 2) (4 1) (6 5) (2 6) (5 2)...

| | | | | > (generateOptimisedSuccessorStates '((1 4) (3 4) (7 2) (4 1) (6 5)...

| | | | | ((((6 5) (3 4) (1 1) (4 1) (5 3) (2 6) (7 3) (8 3)) ((7 1) (3 4) (5...

| | | | ((((5 4) (2 1) (1 2) (4 1) (7 4) (6 3) (3 2) (8 3)) ((1 1) (2 1) (3 1...

| | | | > (genStatesOptimised 2 '((7 1) (2 1) (5 1) (4 1) (6 3) (8 3) (3 3) (...

| | | | | > (generateOptimisedSuccessorStates '((7 1) (2 1) (5 1) (4 1) (6 3)...

| | | | | ((((6 4) (2 1) (7 2) (4 1) (3 4) (8 3) (5 2) (1 3)) ((5 4) (2 1) (3...

| | | | | > (genStatesOptimised 1 '((6 4) (2 1) (7 2) (4 1) (3 4) (8 3) (5 2)...

| | | | | > (generateOptimisedSuccessorStates '((6 4) (2 1) (7 2) (4 1) (3 4)...

| | | | | ((((3 1) (2 1) (6 1) (4 1) (5 3) (8 3) (7 3) (1 3)) ((6 4) (2 1) (7...

| | | | | > (genStatesOptimised 1 '((5 4) (2 1) (3 2) (4 1) (7 4) (8 3) (6 2)...

| | | | | > (generateOptimisedSuccessorStates '((5 4) (2 1) (3 2) (4 1) (7 4)...

| | | | | ((((3 1) (2 1) (6 1) (4 1) (5 3) (8 3) (7 3) (1 3)) ((5 4) (2 1) (3...

| | | | | > (genStatesOptimised 1 '((7 1) (2 1) (5 1) (4 1) (8 3) (1 3) (6 3)...

| | | | | > (generateOptimisedSuccessorStates '((7 1) (2 1) (5 1) (4 1) (8 3)...

| | | | | ((((8 4) (2 1) (7 2) (4 1) (6 4) (1 3) (5 2) (3 3)) ((5 4) (2 1) (6...

| | | | | > (genStatesOptimised 1 '((2 5) (8 6) (5 1) (4 1) (7 5) (6 6) (3 3)...

| | | | | > (generateOptimisedSuccessorStates '((2 5) (8 6) (5 1) (4 1) (7 5)...

| | | | | ((((7 5) (8 6) (2 5) (4 1) (3 4) (6 6) (5 2) (1 3)) ((5 4) (8 6) (3...

| | | | | > (genStatesOptimised 1 '((6 5) (7 6) (5 1) (4 1) (8 5) (2 6) (3 3)...

| | | | | > (generateOptimisedSuccessorStates '((6 5) (7 6) (5 1) (4 1) (8 5)...

| | | | | ((((8 5) (7 6) (6 5) (4 1) (3 4) (2 6) (5 2) (1 3)) ((5 4) (7 6) (3...

| | | | ((((3 1) (2 1) (6 1) (4 1) (5 3) (8 3) (7 3) (1 3)) ((6 4) (2 1) (7 2...

| | | | > (genStatesOptimised 2 '((7 1) (2 1) (5 1) (4 1) (1 3) (3 3) (8 3) (...

| | | | | > (generateOptimisedSuccessorStates '((7 1) (2 1) (5 1) (4 1) (1 3)...

| | | | | ((((1 4) (2 1) (7 2) (4 1) (8 4) (3 3) (5 2) (6 3)) ((5 4) (2 1) (8...

| | | | | > (genStatesOptimised 1 '((1 4) (2 1) (7 2) (4 1) (8 4) (3 3) (5 2)...

| | | | | > (generateOptimisedSuccessorStates '((1 4) (2 1) (7 2) (4 1) (8 4)...

| | | | | ((((8 1) (2 1) (1 1) (4 1) (5 3) (3 3) (7 3) (6 3)) ((1 4) (2 1) (7...

| | | | | > (genStatesOptimised 1 '((5 4) (2 1) (8 2) (4 1) (7 4) (3 3) (1 2)...

| | | | | > (generateOptimisedSuccessorStates '((5 4) (2 1) (8 2) (4 1) (7 4)...

| | | | | ((((8 1) (2 1) (1 1) (4 1) (5 3) (3 3) (7 3) (6 3)) ((5 4) (2 1) (8...

| | | | | > (genStatesOptimised 1 '((7 1) (2 1) (5 1) (4 1) (8 3) (1 3) (6 3)...

| | | | | > (generateOptimisedSuccessorStates '((7 1) (2 1) (5 1) (4 1) (8 3)...

| | | | | ((((8 4) (2 1) (7 2) (4 1) (6 4) (1 3) (5 2) (3 3)) ((5 4) (2 1) (6...

| | | | | > (genStatesOptimised 1 '((2 5) (3 6) (5 1) (4 1) (7 5) (1 6) (8 3)...

| | | | | > (generateOptimisedSuccessorStates '((2 5) (3 6) (5 1) (4 1) (7 5)...

| | | | | ((((7 5) (3 6) (2 5) (4 1) (8 4) (1 6) (5 2) (6 3)) ((5 4) (3 6) (8...

| | | | | > (genStatesOptimised 1 '((1 5) (7 6) (5 1) (4 1) (3 5) (2 6) (8 3)...

| | | | | > (generateOptimisedSuccessorStates '((1 5) (7 6) (5 1) (4 1) (3 5)...

| | | | | ((((3 5) (7 6) (1 5) (4 1) (8 4) (2 6) (5 2) (6 3)) ((5 4) (7 6) (8...

| | | | ((((8 1) (2 1) (1 1) (4 1) (5 3) (3 3) (7 3) (6 3)) ((1 4) (2 1) (7 2...

| | | | > (genStatesOptimised 2 '((2 5) (6 6) (5 1) (4 1) (7 5) (3 6) (1 3) (...

| | | | | > (generateOptimisedSuccessorStates '((2 5) (6 6) (5 1) (4 1) (7 5)...

| | | | | ((((7 5) (6 6) (2 5) (4 1) (1 4) (3 6) (5 2) (8 3)) ((5 4) (6 6) (1...

| | | | | > (genStatesOptimised 1 '((7 5) (6 6) (2 5) (4 1) (1 4) (3 6) (5 2)...

| | | | | > (generateOptimisedSuccessorStates '((7 5) (6 6) (2 5) (4 1) (1 4)...

| | | | | ((((1 1) (6 6) (7 5) (4 1) (5 3) (3 6) (2 5) (8 3)) ((7 5) (6 6) (2...

| | | | | > (genStatesOptimised 1 '((5 4) (6 6) (1 2) (4 1) (2 5) (3 6) (7 5)...

| | | | | > (generateOptimisedSuccessorStates '((5 4) (6 6) (1 2) (4 1) (2 5)...

| | | | | ((((1 1) (6 6) (7 5) (4 1) (5 3) (3 6) (2 5) (8 3)) ((5 4) (6 6) (1...

| | | | | > (genStatesOptimised 1 '((2 5) (6 6) (5 1) (4 1) (3 4) (8 3) (7 2)...

| | | | | > (generateOptimisedSuccessorStates '((2 5) (6 6) (5 1) (4 1) (3 4)...

| | | | | ((((3 1) (6 6) (2 5) (4 1) (7 3) (8 3) (5 2) (1 3)) ((5 4) (6 6) (7...

| | | | | > (genStatesOptimised 1 '((2 5) (6 6) (5 1) (4 1) (1 3) (7 4) (8 3)...

| | | | | > (generateOptimisedSuccessorStates '((2 5) (6 6) (5 1) (4 1) (1 3)...

| | | | | ((((1 4) (6 6) (2 5) (4 1) (8 4) (7 4) (5 2) (3 2)) ((5 4) (6 6) (8...

| | | | | > (genStatesOptimised 1 '((6 1) (3 1) (5 1) (4 1) (2 3) (7 3) (1 3)...

| | | | | > (generateOptimisedSuccessorStates '((6 1) (3 1) (5 1) (4 1) (2 3)...

| | | | | ((((2 4) (3 1) (6 2) (4 1) (1 4) (7 3) (5 2) (8 3)) ((5 4) (3 1) (1...

| | | | ((((1 1) (6 6) (7 5) (4 1) (5 3) (3 6) (2 5) (8 3)) ((7 5) (6 6) (2 5...

| | | | > (genStatesOptimised 2 '((3 5) (7 6) (5 1) (4 1) (6 5) (2 6) (1 3) (...

| | | | | > (generateOptimisedSuccessorStates '((3 5) (7 6) (5 1) (4 1) (6 5)...

| | | | | ((((6 5) (7 6) (3 5) (4 1) (1 4) (2 6) (5 2) (8 3)) ((5 4) (7 6) (1...

| | | | | > (genStatesOptimised 1 '((6 5) (7 6) (3 5) (4 1) (1 4) (2 6) (5 2)...

| | | | | > (generateOptimisedSuccessorStates '((6 5) (7 6) (3 5) (4 1) (1 4)...

| | | | | ((((1 1) (7 6) (6 5) (4 1) (5 3) (2 6) (3 5) (8 3)) ((6 5) (7 6) (3...

| | | | | > (genStatesOptimised 1 '((5 4) (7 6) (1 2) (4 1) (3 5) (2 6) (6 5)...

| | | | | > (generateOptimisedSuccessorStates '((5 4) (7 6) (1 2) (4 1) (3 5)...

| | | | | ((((1 1) (7 6) (6 5) (4 1) (5 3) (2 6) (3 5) (8 3)) ((5 4) (7 6) (1...

| | | | | > (genStatesOptimised 1 '((3 5) (7 6) (5 1) (4 1) (2 4) (8 3) (6 2)...

| | | | | > (generateOptimisedSuccessorStates '((3 5) (7 6) (5 1) (4 1) (2 4)...

| | | | | ((((2 1) (7 6) (3 5) (4 1) (6 3) (8 3) (5 2) (1 3)) ((5 4) (7 6) (6...

| | | | | > (genStatesOptimised 1 '((3 5) (7 6) (5 1) (4 1) (1 3) (6 4) (8 3)...

| | | | | > (generateOptimisedSuccessorStates '((3 5) (7 6) (5 1) (4 1) (1 3)...

| | | | | ((((1 4) (7 6) (3 5) (4 1) (8 4) (6 4) (5 2) (2 2)) ((5 4) (7 6) (8...

| | | | | > (genStatesOptimised 1 '((6 1) (3 1) (5 1) (4 1) (2 3) (7 3) (1 3)...

| | | | | > (generateOptimisedSuccessorStates '((6 1) (3 1) (5 1) (4 1) (2 3)...

| | | | | ((((2 4) (3 1) (6 2) (4 1) (1 4) (7 3) (5 2) (8 3)) ((5 4) (3 1) (1...

| | | | ((((1 1) (7 6) (6 5) (4 1) (5 3) (2 6) (3 5) (8 3)) ((6 5) (7 6) (3 5...

| | | ((((5 4) (2 1) (1 2) (4 1) (7 4) (6 3) (3 2) (8 3)) ((1 1) (2 1) (3 1) ...

| | | > (genStatesOptimised 3 '((5 4) (2 1) (1 2) (4 1) (6 3) (8 3) (7 5) (3 ...

| | | | > (generateOptimisedSuccessorStates '((5 4) (2 1) (1 2) (4 1) (6 3) (...

| | | | ((((6 4) (2 1) (5 1) (4 1) (7 5) (8 3) (1 3) (3 6)) ((1 1) (2 1) (7 5...

| | | | > (genStatesOptimised 2 '((6 4) (2 1) (5 1) (4 1) (7 5) (8 3) (1 3) (...

| | | | | > (generateOptimisedSuccessorStates '((6 4) (2 1) (5 1) (4 1) (7 5)...

| | | | | ((((7 5) (2 1) (6 1) (4 1) (1 4) (8 3) (5 2) (3 6)) ((6 4) (2 1) (5...

| | | | | > (genStatesOptimised 1 '((7 5) (2 1) (6 1) (4 1) (1 4) (8 3) (5 2)...

| | | | | > (generateOptimisedSuccessorStates '((7 5) (2 1) (6 1) (4 1) (1 4)...

| | | | | ((((1 1) (2 1) (7 5) (4 1) (5 3) (8 3) (6 2) (3 6)) ((7 5) (2 1) (6...

| | | | | > (genStatesOptimised 1 '((6 4) (2 1) (5 1) (4 1) (8 3) (3 4) (7 2)...

| | | | | > (generateOptimisedSuccessorStates '((6 4) (2 1) (5 1) (4 1) (8 3)...

| | | | | ((((8 4) (2 1) (6 1) (4 1) (7 3) (3 4) (5 2) (1 3)) ((5 4) (2 1) (7...

| | | | | > (genStatesOptimised 1 '((6 4) (2 1) (5 1) (4 1) (1 3) (7 4) (3 2)...

| | | | | > (generateOptimisedSuccessorStates '((6 4) (2 1) (5 1) (4 1) (1 3)...

| | | | | ((((1 4) (2 1) (6 1) (4 1) (3 3) (7 4) (5 2) (8 3)) ((5 4) (2 1) (3...

| | | | | > (genStatesOptimised 1 '((2 5) (8 6) (5 1) (4 1) (6 4) (7 3) (1 3)...

| | | | | > (generateOptimisedSuccessorStates '((2 5) (8 6) (5 1) (4 1) (6 4)...

| | | | | ((((6 1) (8 6) (2 5) (4 1) (1 4) (7 3) (5 2) (3 6)) ((5 4) (8 6) (1...

| | | | | > (genStatesOptimised 1 '((7 1) (6 4) (5 1) (4 1) (8 5) (2 6) (1 3)...

| | | | | > (generateOptimisedSuccessorStates '((7 1) (6 4) (5 1) (4 1) (8 5)...

| | | | | ((((8 5) (6 4) (7 2) (4 1) (1 4) (2 6) (5 2) (3 6)) ((5 4) (6 4) (1...

| | | | ((((1 1) (2 1) (7 5) (4 1) (5 3) (8 3) (6 2) (3 6)) ((7 5) (2 1) (6 1...

| | | | > (genStatesOptimised 2 '((1 1) (2 1) (7 5) (4 1) (5 3) (8 3) (6 2) (...

| | | | | > (generateOptimisedSuccessorStates '((1 1) (2 1) (7 5) (4 1) (5 3)...

| | | | | ((((7 5) (2 1) (6 1) (4 1) (1 4) (8 3) (5 2) (3 6)) ((1 1) (2 1) (7...

| | | | | > (genStatesOptimised 1 '((7 5) (2 1) (6 1) (4 1) (1 4) (8 3) (5 2)...

| | | | | > (generateOptimisedSuccessorStates '((7 5) (2 1) (6 1) (4 1) (1 4)...

| | | | | ((((6 4) (2 1) (5 1) (4 1) (7 5) (8 3) (1 3) (3 6)) ((7 5) (2 1) (6...

| | | | | > (genStatesOptimised 1 '((1 1) (2 1) (7 5) (4 1) (8 3) (3 4) (5 3)...