# Brian Mc George
# MCGBRI004
# 20-04-2015
# N.B. This function is not tail recursive by design!
# Please see theoretical questions pdf or Readme for more information.
# This is only a snip-it since the output is very long
# Test command: (genStates 5 '((1 1) (2 1) (3 1) (4 1) (5 3) (6 3) (7 3) (8 3)) '())

> (genStates 5 '((1 1) (2 1) (3 1) (4 1) (5 3) (6 3) (7 3) (8 3)) '())
| > (genStates 5 '((1 1) (2 1) (3 1) (4 1) (5 3) (6 3) (7 3) (8 3)) '())
| | > (generateSuccessorStates '((1 1) (2 1) (3 1) (4 1) (5 3) (6 3) (7 3) (8 3)) '())
| | ((((5 4) (2 1) (1 2) (4 1) (7 4) (6 3) (3 2) (8 3)) ((3 4) (2 1) (7 2) (4 1) (1 4) (6 3) (5 2) (8 3)) ((1 1) (2 1) (3 1) (4...

| | > (genStates 4 '((5 4) (2 1) (1 2) (4 1) (7 4) (6 3) (3 2) (8 3)) '("x"))
| | | > (generateSuccessorStates '((5 4) (2 1) (1 2) (4 1) (7 4) (6 3) (3 2) (8 3)) '("x"))
| | | ((((7 1) (2 1) (5 1) (4 1) (3 3) (6 3) (1 3) (8 3)) ((1 1) (2 1) (3 1) (4 1) (5 3) (6 3) (7 3) (8 3)) ((5 4) (2 1) (1 2) ...

| | | > (genStates 3 '((7 1) (2 1) (5 1) (4 1) (3 3) (6 3) (1 3) (8 3)) '("x" "x"))
| | | | > (generateSuccessorStates '((7 1) (2 1) (5 1) (4 1) (3 3) (6 3) (1 3) (8 3)) '("x" "x"))
| | | | ((((3 4) (2 1) (7 2) (4 1) (1 4) (6 3) (5 2) (8 3)) ((5 4) (2 1) (1 2) (4 1) (7 4) (6 3) (3 2) (8 3)) ((7 1) (2 1) (5 1...

| | | | > (genStates 2 '((3 4) (2 1) (7 2) (4 1) (1 4) (6 3) (5 2) (8 3)) '("x" "x" "x"))
| | | | | > (generateSuccessorStates '((3 4) (2 1) (7 2) (4 1) (1 4) (6 3) (5 2) (8 3)) '("x" "x" "x"))
| | | | | ((((1 1) (2 1) (3 1) (4 1) (5 3) (6 3) (7 3) (8 3)) ((7 1) (2 1) (5 1) (4 1) (3 3) (6 3) (1 3) (8 3)) ((3 4) (2 1) (7...

| | | | | > (genStates 1 '((1 1) (2 1) (3 1) (4 1) (5 3) (6 3) (7 3) (8 3)) '("x" "x" "x" "x"))
| | | | | > (generateSuccessorStates '((1 1) (2 1) (3 1) (4 1) (5 3) (6 3) (7 3) (8 3)) '("x" "x" "x" "x"))
| | | | | ((((5 4) (2 1) (1 2) (4 1) (7 4) (6 3) (3 2) (8 3)) ((3 4) (2 1) (7 2) (4 1) (1 4) (6 3) (5 2) (8 3)) ((1 1) (2 1) (3...

| | | | | > (genStates 1 '((7 1) (2 1) (5 1) (4 1) (3 3) (6 3) (1 3) (8 3)) '("x" "x" "x" "X"))
| | | | | > (generateSuccessorStates '((7 1) (2 1) (5 1) (4 1) (3 3) (6 3) (1 3) (8 3)) '("x" "x" "x" "X"))
| | | | | ((((3 4) (2 1) (7 2) (4 1) (1 4) (6 3) (5 2) (8 3)) ((5 4) (2 1) (1 2) (4 1) (7 4) (6 3) (3 2) (8 3)) ((7 1) (2 1) (5...

| | | | | > (genStates 1 '((3 4) (2 1) (7 2) (4 1) (6 3) (8 3) (1 5) (5 6)) '("x" "x" "x" "y"))
| | | | | > (generateSuccessorStates '((3 4) (2 1) (7 2) (4 1) (6 3) (8 3) (1 5) (5 6)) '("x" "x" "x" "y"))
| | | | | ((((6 4) (2 1) (3 1) (4 1) (1 5) (8 3) (7 3) (5 6)) ((7 1) (2 1) (1 5) (4 1) (3 3) (8 3) (6 2) (5 6)) ((3 4) (2 1) (7...

| | | | | > (genStates 1 '((3 4) (2 1) (7 2) (4 1) (5 5) (1 6) (8 3) (6 3)) '("x" "x" "x" "Y"))
| | | | | > (generateSuccessorStates '((3 4) (2 1) (7 2) (4 1) (5 5) (1 6) (8 3) (6 3)) '("x" "x" "x" "Y"))
| | | | | ((((5 5) (2 1) (3 1) (4 1) (8 4) (1 6) (7 3) (6 3)) ((7 1) (2 1) (8 2) (4 1) (3 3) (1 6) (5 5) (6 3)) ((3 4) (2 1) (7...

| | | | | > (genStates 1 '((2 5) (6 6) (7 2) (4 1) (3 4) (1 4) (5 2) (8 3)) '("x" "x" "x" "z"))
| | | | | > (generateSuccessorStates '((2 5) (6 6) (7 2) (4 1) (3 4) (1 4) (5 2) (8 3)) '("x" "x" "x" "z"))
| | | | | ((((3 1) (6 6) (2 5) (4 1) (5 3) (1 4) (7 3) (8 3)) ((7 1) (6 6) (5 1) (4 1) (2 5) (1 4) (3 3) (8 3)) ((2 5) (6 6) (7...

| | | | | > (genStates 1 '((1 4) (3 4) (7 2) (4 1) (6 5) (2 6) (5 2) (8 3)) '("x" "x" "x" "Z"))
| | | | | > (generateSuccessorStates '((1 4) (3 4) (7 2) (4 1) (6 5) (2 6) (5 2) (8 3)) '("x" "x" "x" "Z"))
| | | | | ((((6 5) (3 4) (1 1) (4 1) (5 3) (2 6) (7 3) (8 3)) ((7 1) (3 4) (5 1) (4 1) (1 3) (2 6) (6 5) (8 3)) ((1 4) (3 4) (7...

| | | | ((((5 4) (2 1) (1 2) (4 1) (7 4) (6 3) (3 2) (8 3)) ((3 4) (2 1) (7 2) (4 1) (1 4) (6 3) (5 2) (8 3)) ((1 1) (2 1) (3 1...

| | | | > (genStates 2 '((5 4) (2 1) (1 2) (4 1) (7 4) (6 3) (3 2) (8 3)) '("x" "x" "X"))
| | | | | > (generateSuccessorStates '((5 4) (2 1) (1 2) (4 1) (7 4) (6 3) (3 2) (8 3)) '("x" "x" "X"))
| | | | | ((((7 1) (2 1) (5 1) (4 1) (3 3) (6 3) (1 3) (8 3)) ((1 1) (2 1) (3 1) (4 1) (5 3) (6 3) (7 3) (8 3)) ((5 4) (2 1) (1...

| | | | | > (genStates 1 '((7 1) (2 1) (5 1) (4 1) (3 3) (6 3) (1 3) (8 3)) '("x" "x" "X" "x"))
| | | | | > (generateSuccessorStates '((7 1) (2 1) (5 1) (4 1) (3 3) (6 3) (1 3) (8 3)) '("x" "x" "X" "x"))
| | | | | ((((3 4) (2 1) (7 2) (4 1) (1 4) (6 3) (5 2) (8 3)) ((5 4) (2 1) (1 2) (4 1) (7 4) (6 3) (3 2) (8 3)) ((7 1) (2 1) (5...

| | | | | > (genStates 1 '((1 1) (2 1) (3 1) (4 1) (5 3) (6 3) (7 3) (8 3)) '("x" "x" "X" "X"))
| | | | | > (generateSuccessorStates '((1 1) (2 1) (3 1) (4 1) (5 3) (6 3) (7 3) (8 3)) '("x" "x" "X" "X"))
| | | | | ((((5 4) (2 1) (1 2) (4 1) (7 4) (6 3) (3 2) (8 3)) ((3 4) (2 1) (7 2) (4 1) (1 4) (6 3) (5 2) (8 3)) ((1 1) (2 1) (3...

| | | | | > (genStates 1 '((5 4) (2 1) (1 2) (4 1) (6 3) (8 3) (7 5) (3 6)) '("x" "x" "X" "y"))
| | | | | > (generateSuccessorStates '((5 4) (2 1) (1 2) (4 1) (6 3) (8 3) (7 5) (3 6)) '("x" "x" "X" "y"))
| | | | | ((((6 4) (2 1) (5 1) (4 1) (7 5) (8 3) (1 3) (3 6)) ((1 1) (2 1) (7 5) (4 1) (5 3) (8 3) (6 2) (3 6)) ((5 4) (2 1) (1...

| | | | | > (genStates 1 '((5 4) (2 1) (1 2) (4 1) (3 5) (7 6) (8 3) (6 3)) '("x" "x" "X" "Y"))
| | | | | > (generateSuccessorStates '((5 4) (2 1) (1 2) (4 1) (3 5) (7 6) (8 3) (6 3)) '("x" "x" "X" "Y"))
| | | | | ((((3 5) (2 1) (5 1) (4 1) (8 4) (7 6) (1 3) (6 3)) ((1 1) (2 1) (8 2) (4 1) (5 3) (7 6) (3 5) (6 3)) ((5 4) (2 1) (1...

| | | | | > (genStates 1 '((2 5) (6 6) (1 2) (4 1) (5 4) (7 4) (3 2) (8 3)) '("x" "x" "X" "z"))
| | | | | > (generateSuccessorStates '((2 5) (6 6) (1 2) (4 1) (5 4) (7 4) (3 2) (8 3)) '("x" "x" "X" "z"))
| | | | | ((((5 1) (6 6) (2 5) (4 1) (3 3) (7 4) (1 3) (8 3)) ((1 1) (6 6) (3 1) (4 1) (2 5) (7 4) (5 3) (8 3)) ((2 5) (6 6) (1...

| | | | | > (genStates 1 '((7 4) (5 4) (1 2) (4 1) (6 5) (2 6) (3 2) (8 3)) '("x" "x" "X" "Z"))
| | | | | > (generateSuccessorStates '((7 4) (5 4) (1 2) (4 1) (6 5) (2 6) (3 2) (8 3)) '("x" "x" "X" "Z"))
| | | | | ((((6 5) (5 4) (7 1) (4 1) (3 3) (2 6) (1 3) (8 3)) ((1 1) (5 4) (3 1) (4 1) (7 3) (2 6) (6 5) (8 3)) ((7 4) (5 4) (1...

| | | | ((((3 4) (2 1) (7 2) (4 1) (1 4) (6 3) (5 2) (8 3)) ((5 4) (2 1) (1 2) (4 1) (7 4) (6 3) (3 2) (8 3)) ((7 1) (2 1) (5 1...

| | | | > (genStates 2 '((7 1) (2 1) (5 1) (4 1) (6 3) (8 3) (3 3) (1 3)) '("x" "x" "y"))
| | | | | > (generateSuccessorStates '((7 1) (2 1) (5 1) (4 1) (6 3) (8 3) (3 3) (1 3)) '("x" "x" "y"))
| | | | | ((((6 4) (2 1) (7 2) (4 1) (3 4) (8 3) (5 2) (1 3)) ((5 4) (2 1) (3 2) (4 1) (7 4) (8 3) (6 2) (1 3)) ((7 1) (2 1) (5...

| | | | | > (genStates 1 '((6 4) (2 1) (7 2) (4 1) (3 4) (8 3) (5 2) (1 3)) '("x" "x" "y" "x"))
| | | | | > (generateSuccessorStates '((6 4) (2 1) (7 2) (4 1) (3 4) (8 3) (5 2) (1 3)) '("x" "x" "y" "x"))
| | | | | ((((3 1) (2 1) (6 1) (4 1) (5 3) (8 3) (7 3) (1 3)) ((7 1) (2 1) (5 1) (4 1) (6 3) (8 3) (3 3) (1 3)) ((6 4) (2 1) (7...

| | | | | > (genStates 1 '((5 4) (2 1) (3 2) (4 1) (7 4) (8 3) (6 2) (1 3)) '("x" "x" "y" "X"))
| | | | | > (generateSuccessorStates '((5 4) (2 1) (3 2) (4 1) (7 4) (8 3) (6 2) (1 3)) '("x" "x" "y" "X"))
| | | | | ((((7 1) (2 1) (5 1) (4 1) (6 3) (8 3) (3 3) (1 3)) ((3 1) (2 1) (6 1) (4 1) (5 3) (8 3) (7 3) (1 3)) ((5 4) (2 1) (3...

| | | | | > (genStates 1 '((7 1) (2 1) (5 1) (4 1) (8 3) (1 3) (6 3) (3 3)) '("x" "x" "y" "y"))
| | | | | > (generateSuccessorStates '((7 1) (2 1) (5 1) (4 1) (8 3) (1 3) (6 3) (3 3)) '("x" "x" "y" "y"))
| | | | | ((((8 4) (2 1) (7 2) (4 1) (6 4) (1 3) (5 2) (3 3)) ((5 4) (2 1) (6 2) (4 1) (7 4) (1 3) (8 2) (3 3)) ((7 1) (2 1) (5...

| | | | | > (genStates 1 '((7 1) (2 1) (5 1) (4 1) (3 3) (6 3) (1 3) (8 3)) '("x" "x" "y" "Y"))
| | | | | > (generateSuccessorStates '((7 1) (2 1) (5 1) (4 1) (3 3) (6 3) (1 3) (8 3)) '("x" "x" "y" "Y"))
| | | | | ((((3 4) (2 1) (7 2) (4 1) (1 4) (6 3) (5 2) (8 3)) ((5 4) (2 1) (1 2) (4 1) (7 4) (6 3) (3 2) (8 3)) ((7 1) (2 1) (5...

| | | | | > (genStates 1 '((2 5) (8 6) (5 1) (4 1) (7 5) (6 6) (3 3) (1 3)) '("x" "x" "y" "z"))
| | | | | > (generateSuccessorStates '((2 5) (8 6) (5 1) (4 1) (7 5) (6 6) (3 3) (1 3)) '("x" "x" "y" "z"))
| | | | | ((((7 5) (8 6) (2 5) (4 1) (3 4) (6 6) (5 2) (1 3)) ((5 4) (8 6) (3 2) (4 1) (2 5) (6 6) (7 5) (1 3)) ((2 5) (8 6) (5...

| | | | | > (genStates 1 '((6 5) (7 6) (5 1) (4 1) (8 5) (2 6) (3 3) (1 3)) '("x" "x" "y" "Z"))
| | | | | > (generateSuccessorStates '((6 5) (7 6) (5 1) (4 1) (8 5) (2 6) (3 3) (1 3)) '("x" "x" "y" "Z"))
| | | | | ((((8 5) (7 6) (6 5) (4 1) (3 4) (2 6) (5 2) (1 3)) ((5 4) (7 6) (3 2) (4 1) (6 5) (2 6) (8 5) (1 3)) ((6 5) (7 6) (5...

| | | | ((((3 1) (2 1) (6 1) (4 1) (5 3) (8 3) (7 3) (1 3)) ((7 1) (2 1) (5 1) (4 1) (6 3) (8 3) (3 3) (1 3)) ((6 4) (2 1) (7 2...

| | | | > (genStates 2 '((7 1) (2 1) (5 1) (4 1) (1 3) (3 3) (8 3) (6 3)) '("x" "x" "Y"))
| | | | | > (generateSuccessorStates '((7 1) (2 1) (5 1) (4 1) (1 3) (3 3) (8 3) (6 3)) '("x" "x" "Y"))
| | | | | ((((1 4) (2 1) (7 2) (4 1) (8 4) (3 3) (5 2) (6 3)) ((5 4) (2 1) (8 2) (4 1) (7 4) (3 3) (1 2) (6 3)) ((7 1) (2 1) (5...

| | | | | > (genStates 1 '((1 4) (2 1) (7 2) (4 1) (8 4) (3 3) (5 2) (6 3)) '("x" "x" "Y" "x"))
| | | | | > (generateSuccessorStates '((1 4) (2 1) (7 2) (4 1) (8 4) (3 3) (5 2) (6 3)) '("x" "x" "Y" "x"))
| | | | | ((((8 1) (2 1) (1 1) (4 1) (5 3) (3 3) (7 3) (6 3)) ((7 1) (2 1) (5 1) (4 1) (1 3) (3 3) (8 3) (6 3)) ((1 4) (2 1) (7...

| | | | | > (genStates 1 '((5 4) (2 1) (8 2) (4 1) (7 4) (3 3) (1 2) (6 3)) '("x" "x" "Y" "X"))
| | | | | > (generateSuccessorStates '((5 4) (2 1) (8 2) (4 1) (7 4) (3 3) (1 2) (6 3)) '("x" "x" "Y" "X"))
| | | | | ((((7 1) (2 1) (5 1) (4 1) (1 3) (3 3) (8 3) (6 3)) ((8 1) (2 1) (1 1) (4 1) (5 3) (3 3) (7 3) (6 3)) ((5 4) (2 1) (8...

| | | | | > (genStates 1 '((7 1) (2 1) (5 1) (4 1) (3 3) (6 3) (1 3) (8 3)) '("x" "x" "Y" "y"))
| | | | | > (generateSuccessorStates '((7 1) (2 1) (5 1) (4 1) (3 3) (6 3) (1 3) (8 3)) '("x" "x" "Y" "y"))
| | | | | ((((3 4) (2 1) (7 2) (4 1) (1 4) (6 3) (5 2) (8 3)) ((5 4) (2 1) (1 2) (4 1) (7 4) (6 3) (3 2) (8 3)) ((7 1) (2 1) (5...

| | | | | > (genStates 1 '((7 1) (2 1) (5 1) (4 1) (8 3) (1 3) (6 3) (3 3)) '("x" "x" "Y" "Y"))
| | | | | > (generateSuccessorStates '((7 1) (2 1) (5 1) (4 1) (8 3) (1 3) (6 3) (3 3)) '("x" "x" "Y" "Y"))
| | | | | ((((8 4) (2 1) (7 2) (4 1) (6 4) (1 3) (5 2) (3 3)) ((5 4) (2 1) (6 2) (4 1) (7 4) (1 3) (8 2) (3 3)) ((7 1) (2 1) (5...

| | | | | > (genStates 1 '((2 5) (3 6) (5 1) (4 1) (7 5) (1 6) (8 3) (6 3)) '("x" "x" "Y" "z"))
| | | | | > (generateSuccessorStates '((2 5) (3 6) (5 1) (4 1) (7 5) (1 6) (8 3) (6 3)) '("x" "x" "Y" "z"))
| | | | | ((((7 5) (3 6) (2 5) (4 1) (8 4) (1 6) (5 2) (6 3)) ((5 4) (3 6) (8 2) (4 1) (2 5) (1 6) (7 5) (6 3)) ((2 5) (3 6) (5...

| | | | | > (genStates 1 '((1 5) (7 6) (5 1) (4 1) (3 5) (2 6) (8 3) (6 3)) '("x" "x" "Y" "Z"))
| | | | | > (generateSuccessorStates '((1 5) (7 6) (5 1) (4 1) (3 5) (2 6) (8 3) (6 3)) '("x" "x" "Y" "Z"))
| | | | | ((((3 5) (7 6) (1 5) (4 1) (8 4) (2 6) (5 2) (6 3)) ((5 4) (7 6) (8 2) (4 1) (1 5) (2 6) (3 5) (6 3)) ((1 5) (7 6) (5...

| | | | ((((8 1) (2 1) (1 1) (4 1) (5 3) (3 3) (7 3) (6 3)) ((7 1) (2 1) (5 1) (4 1) (1 3) (3 3) (8 3) (6 3)) ((1 4) (2 1) (7 2...

| | | | > (genStates 2 '((2 5) (6 6) (5 1) (4 1) (7 5) (3 6) (1 3) (8 3)) '("x" "x" "z"))
| | | | | > (generateSuccessorStates '((2 5) (6 6) (5 1) (4 1) (7 5) (3 6) (1 3) (8 3)) '("x" "x" "z"))
| | | | | ((((7 5) (6 6) (2 5) (4 1) (1 4) (3 6) (5 2) (8 3)) ((5 4) (6 6) (1 2) (4 1) (2 5) (3 6) (7 5) (8 3)) ((2 5) (6 6) (5...

| | | | | > (genStates 1 '((7 5) (6 6) (2 5) (4 1) (1 4) (3 6) (5 2) (8 3)) '("x" "x" "z" "x"))
| | | | | > (generateSuccessorStates '((7 5) (6 6) (2 5) (4 1) (1 4) (3 6) (5 2) (8 3)) '("x" "x" "z" "x"))
| | | | | ((((1 1) (6 6) (7 5) (4 1) (5 3) (3 6) (2 5) (8 3)) ((2 5) (6 6) (5 1) (4 1) (7 5) (3 6) (1 3) (8 3)) ((7 5) (6 6) (2...

| | | | | > (genStates 1 '((5 4) (6 6) (1 2) (4 1) (2 5) (3 6) (7 5) (8 3)) '("x" "x" "z" "X"))
| | | | | > (generateSuccessorStates '((5 4) (6 6) (1 2) (4 1) (2 5) (3 6) (7 5) (8 3)) '("x" "x" "z" "X"))
| | | | | ((((2 5) (6 6) (5 1) (4 1) (7 5) (3 6) (1 3) (8 3)) ((1 1) (6 6) (7 5) (4 1) (5 3) (3 6) (2 5) (8 3)) ((5 4) (6 6) (1...

| | | | | > (genStates 1 '((2 5) (6 6) (5 1) (4 1) (3 4) (8 3) (7 2) (1 3)) '("x" "x" "z" "y"))
| | | | | > (generateSuccessorStates '((2 5) (6 6) (5 1) (4 1) (3 4) (8 3) (7 2) (1 3)) '("x" "x" "z" "y"))
| | | | | ((((3 1) (6 6) (2 5) (4 1) (7 3) (8 3) (5 2) (1 3)) ((5 4) (6 6) (7 1) (4 1) (2 5) (8 3) (3 3) (1 3)) ((2 5) (6 6) (5...

| | | | | > (genStates 1 '((2 5) (6 6) (5 1) (4 1) (1 3) (7 4) (8 3) (3 2)) '("x" "x" "z" "Y"))
| | | | | > (generateSuccessorStates '((2 5) (6 6) (5 1) (4 1) (1 3) (7 4) (8 3) (3 2)) '("x" "x" "z" "Y"))
| | | | | ((((1 4) (6 6) (2 5) (4 1) (8 4) (7 4) (5 2) (3 2)) ((5 4) (6 6) (8 2) (4 1) (2 5) (7 4) (1 2) (3 2)) ((2 5) (6 6) (5...

| | | | | > (genStates 1 '((6 1) (3 1) (5 1) (4 1) (2 3) (7 3) (1 3) (8 3)) '("x" "x" "z" "z"))
| | | | | > (generateSuccessorStates '((6 1) (3 1) (5 1) (4 1) (2 3) (7 3) (1 3) (8 3)) '("x" "x" "z" "z"))
| | | | | ((((2 4) (3 1) (6 2) (4 1) (1 4) (7 3) (5 2) (8 3)) ((5 4) (3 1) (1 2) (4 1) (6 4) (7 3) (2 2) (8 3)) ((6 1) (3 1) (5...

| | | | | > (genStates 1 '((7 1) (2 1) (5 1) (4 1) (3 3) (6 3) (1 3) (8 3)) '("x" "x" "z" "Z"))
| | | | | > (generateSuccessorStates '((7 1) (2 1) (5 1) (4 1) (3 3) (6 3) (1 3) (8 3)) '("x" "x" "z" "Z"))
| | | | | ((((3 4) (2 1) (7 2) (4 1) (1 4) (6 3) (5 2) (8 3)) ((5 4) (2 1) (1 2) (4 1) (7 4) (6 3) (3 2) (8 3)) ((7 1) (2 1) (5...

| | | | ((((1 1) (6 6) (7 5) (4 1) (5 3) (3 6) (2 5) (8 3)) ((2 5) (6 6) (5 1) (4 1) (7 5) (3 6) (1 3) (8 3)) ((7 5) (6 6) (2 5...

| | | | > (genStates 2 '((3 5) (7 6) (5 1) (4 1) (6 5) (2 6) (1 3) (8 3)) '("x" "x" "Z"))
| | | | | > (generateSuccessorStates '((3 5) (7 6) (5 1) (4 1) (6 5) (2 6) (1 3) (8 3)) '("x" "x" "Z"))
| | | | | ((((6 5) (7 6) (3 5) (4 1) (1 4) (2 6) (5 2) (8 3)) ((5 4) (7 6) (1 2) (4 1) (3 5) (2 6) (6 5) (8 3)) ((3 5) (7 6) (5...

| | | | | > (genStates 1 '((6 5) (7 6) (3 5) (4 1) (1 4) (2 6) (5 2) (8 3)) '("x" "x" "Z" "x"))
| | | | | > (generateSuccessorStates '((6 5) (7 6) (3 5) (4 1) (1 4) (2 6) (5 2) (8 3)) '("x" "x" "Z" "x"))
| | | | | ((((1 1) (7 6) (6 5) (4 1) (5 3) (2 6) (3 5) (8 3)) ((3 5) (7 6) (5 1) (4 1) (6 5) (2 6) (1 3) (8 3)) ((6 5) (7 6) (3...

| | | | | > (genStates 1 '((5 4) (7 6) (1 2) (4 1) (3 5) (2 6) (6 5) (8 3)) '("x" "x" "Z" "X"))
| | | | | > (generateSuccessorStates '((5 4) (7 6) (1 2) (4 1) (3 5) (2 6) (6 5) (8 3)) '("x" "x" "Z" "X"))
| | | | | ((((3 5) (7 6) (5 1) (4 1) (6 5) (2 6) (1 3) (8 3)) ((1 1) (7 6) (6 5) (4 1) (5 3) (2 6) (3 5) (8 3)) ((5 4) (7 6) (1...

| | | | | > (genStates 1 '((3 5) (7 6) (5 1) (4 1) (2 4) (8 3) (6 2) (1 3)) '("x" "x" "Z" "y"))
| | | | | > (generateSuccessorStates '((3 5) (7 6) (5 1) (4 1) (2 4) (8 3) (6 2) (1 3)) '("x" "x" "Z" "y"))
| | | | | ((((2 1) (7 6) (3 5) (4 1) (6 3) (8 3) (5 2) (1 3)) ((5 4) (7 6) (6 1) (4 1) (3 5) (8 3) (2 3) (1 3)) ((3 5) (7 6) (5...

| | | | | > (genStates 1 '((3 5) (7 6) (5 1) (4 1) (1 3) (6 4) (8 3) (2 2)) '("x" "x" "Z" "Y"))
| | | | | > (generateSuccessorStates '((3 5) (7 6) (5 1) (4 1) (1 3) (6 4) (8 3) (2 2)) '("x" "x" "Z" "Y"))
| | | | | ((((1 4) (7 6) (3 5) (4 1) (8 4) (6 4) (5 2) (2 2)) ((5 4) (7 6) (8 2) (4 1) (3 5) (6 4) (1 2) (2 2)) ((3 5) (7 6) (5...

| | | | | > (genStates 1 '((7 1) (2 1) (5 1) (4 1) (3 3) (6 3) (1 3) (8 3)) '("x" "x" "Z" "z"))
| | | | | > (generateSuccessorStates '((7 1) (2 1) (5 1) (4 1) (3 3) (6 3) (1 3) (8 3)) '("x" "x" "Z" "z"))
| | | | | ((((3 4) (2 1) (7 2) (4 1) (1 4) (6 3) (5 2) (8 3)) ((5 4) (2 1) (1 2) (4 1) (7 4) (6 3) (3 2) (8 3)) ((7 1) (2 1) (5...

| | | | | > (genStates 1 '((6 1) (3 1) (5 1) (4 1) (2 3) (7 3) (1 3) (8 3)) '("x" "x" "Z" "Z"))
| | | | | > (generateSuccessorStates '((6 1) (3 1) (5 1) (4 1) (2 3) (7 3) (1 3) (8 3)) '("x" "x" "Z" "Z"))
| | | | | ((((2 4) (3 1) (6 2) (4 1) (1 4) (7 3) (5 2) (8 3)) ((5 4) (3 1) (1 2) (4 1) (6 4) (7 3) (2 2) (8 3)) ((6 1) (3 1) (5...

| | | | ((((1 1) (7 6) (6 5) (4 1) (5 3) (2 6) (3 5) (8 3)) ((3 5) (7 6) (5 1) (4 1) (6 5) (2 6) (1 3) (8 3)) ((6 5) (7 6) (3 5...

| | | ((((5 4) (2 1) (1 2) (4 1) (7 4) (6 3) (3 2) (8 3)) ((3 4) (2 1) (7 2) (4 1) (1 4) (6 3) (5 2) (8 3)) ((1 1) (2 1) (3 1) ...

| | | > (genStates 3 '((1 1) (2 1) (3 1) (4 1) (5 3) (6 3) (7 3) (8 3)) '("x" "X"))
| | | | > (generateSuccessorStates '((1 1) (2 1) (3 1) (4 1) (5 3) (6 3) (7 3) (8 3)) '("x" "X"))
| | | | ((((5 4) (2 1) (1 2) (4 1) (7 4) (6 3) (3 2) (8 3)) ((3 4) (2 1) (7 2) (4 1) (1 4) (6 3) (5 2) (8 3)) ((1 1) (2 1) (3 1...

| | | | > (genStates 2 '((5 4) (2 1) (1 2) (4 1) (7 4) (6 3) (3 2) (8 3)) '("x" "X" "x"))
| | | | | > (generateSuccessorStates '((5 4) (2 1) (1 2) (4 1) (7 4) (6 3) (3 2) (8 3)) '("x" "X" "x"))
| | | | | ((((7 1) (2 1) (5 1) (4 1) (3 3) (6 3) (1 3) (8 3)) ((1 1) (2 1) (3 1) (4 1) (5 3) (6 3) (7 3) (8 3)) ((5 4) (2 1) (1...

| | | | | > (genStates 1 '((7 1) (2 1) (5 1) (4 1) (3 3) (6 3) (1 3) (8 3)) '("x" "X" "x" "x"))
| | | | | > (generateSuccessorStates '((7 1) (2 1) (5 1) (4 1) (3 3) (6 3) (1 3) (8 3)) '("x" "X" "x" "x"))
| | | | | ((((3 4) (2 1) (7 2) (4 1) (1 4) (6 3) (5 2) (8 3)) ((5 4) (2 1) (1 2) (4 1) (7 4) (6 3) (3 2) (8 3)) ((7 1) (2 1) (5...

| | | | | > (genStates 1 '((1 1) (2 1) (3 1) (4 1) (5 3) (6 3) (7 3) (8 3)) '("x" "X" "x" "X"))
| | | | | > (generateSuccessorStates '((1 1) (2 1) (3 1) (4 1) (5 3) (6 3) (7 3) (8 3)) '("x" "X" "x" "X"))
| | | | | ((((5 4) (2 1) (1 2) (4 1) (7 4) (6 3) (3 2) (8 3)) ((3 4) (2 1) (7 2) (4 1) (1 4) (6 3) (5 2) (8 3)) ((1 1) (2 1) (3...

| | | | | > (genStates 1 '((5 4) (2 1) (1 2) (4 1) (6 3) (8 3) (7 5) (3 6)) '("x" "X" "x" "y"))
| | | | | > (generateSuccessorStates '((5 4) (2 1) (1 2) (4 1) (6 3) (8 3) (7 5) (3 6)) '("x" "X" "x" "y"))
| | | | | ((((6 4) (2 1) (5 1) (4 1) (7 5) (8 3) (1 3) (3 6)) ((1 1) (2 1) (7 5) (4 1) (5 3) (8 3) (6 2) (3 6)) ((5 4) (2 1) (1...

| | | | | > (genStates 1 '((5 4) (2 1) (1 2) (4 1) (3 5) (7 6) (8 3) (6 3)) '("x" "X" "x" "Y"))
| | | | | > (generateSuccessorStates '((5 4) (2 1) (1 2) (4 1) (3 5) (7 6) (8 3) (6 3)) '("x" "X" "x" "Y"))
| | | | | ((((3 5) (2 1) (5 1) (4 1) (8 4) (7 6) (1 3) (6 3)) ((1 1) (2 1) (8 2) (4 1) (5 3) (7 6) (3 5) (6 3)) ((5 4) (2 1) (1...

| | | | | > (genStates 1 '((2 5) (6 6) (1 2) (4 1) (5 4) (7 4) (3 2) (8 3)) '("x" "X" "x" "z"))
| | | | | > (generateSuccessorStates '((2 5) (6 6) (1 2) (4 1) (5 4) (7 4) (3 2) (8 3)) '("x" "X" "x" "z"))
| | | | | ((((5 1) (6 6) (2 5) (4 1) (3 3) (7 4) (1 3) (8 3)) ((1 1) (6 6) (3 1) (4 1) (2 5) (7 4) (5 3) (8 3)) ((2 5) (6 6) (1...

| | | | | > (genStates 1 '((7 4) (5 4) (1 2) (4 1) (6 5) (2 6) (3 2) (8 3)) '("x" "X" "x" "Z"))
| | | | | > (generateSuccessorStates '((7 4) (5 4) (1 2) (4 1) (6 5) (2 6) (3 2) (8 3)) '("x" "X" "x" "Z"))
| | | | | ((((6 5) (5 4) (7 1) (4 1) (3 3) (2 6) (1 3) (8 3)) ((1 1) (5 4) (3 1) (4 1) (7 3) (2 6) (6 5) (8 3)) ((7 4) (5 4) (1...

| | | | ((((3 4) (2 1) (7 2) (4 1) (1 4) (6 3) (5 2) (8 3)) ((5 4) (2 1) (1 2) (4 1) (7 4) (6 3) (3 2) (8 3)) ((7 1) (2 1) (5 1...

| | | | > (genStates 2 '((3 4) (2 1) (7 2) (4 1) (1 4) (6 3) (5 2) (8 3)) '("x" "X" "X"))
| | | | | > (generateSuccessorStates '((3 4) (2 1) (7 2) (4 1) (1 4) (6 3) (5 2) (8 3)) '("x" "X" "X"))
| | | | | ((((1 1) (2 1) (3 1) (4 1) (5 3) (6 3) (7 3) (8 3)) ((7 1) (2 1) (5 1) (4 1) (3 3) (6 3) (1 3) (8 3)) ((3 4) (2 1) (7...

| | | | | > (genStates 1 '((1 1) (2 1) (3 1) (4 1) (5 3) (6 3) (7 3) (8 3)) '("x" "X" "X" "x"))
| | | | | > (generateSuccessorStates '((1 1) (2 1) (3 1) (4 1) (5 3) (6 3) (7 3) (8 3)) '("x" "X" "X" "x"))
| | | | | ((((5 4) (2 1) (1 2) (4 1) (7 4) (6 3) (3 2) (8 3)) ((3 4) (2 1) (7 2) (4 1) (1 4) (6 3) (5 2) (8 3)) ((1 1) (2 1) (3...

| | | | | > (genStates 1 '((7 1) (2 1) (5 1) (4 1) (3 3) (6 3) (1 3) (8 3)) '("x" "X" "X" "X"))