# Brian Mc George
# MCGBRI004
# 17-04-2015
# Tail recursive code
# Trace output snip-it provided since the output is very long
# Test command: (genStatesOptimisedTailRecursive 5 '((1 1) (2 1) (3 1) (4 1) (5 3) (6 3) (7 3) (8 3)) '())

| | > (generateOptimisedSuccessorStates '((1 1) (2 1) (3 1) (4 1) (7 3) (5 3) (8 3) (6 3)) '("Y"))
| | > (buildUpSuccessor '() '() '((1 1) (2 1) (3 1) (4 1) (7 3) (5 3) (8 3) (6 3)) '("Y") #\x "Y")
| | > (buildUpSuccessor '(((7 4) (2 1) (1 2) (4 1) (8 4) (5 3) (3 2) (6 3))) '(("Y" "x")) '((1 1) (2 1) (3 1) (4 1) (7 3) (5 3)...

| | > (buildUpSuccessor '(((7 4) (2 1) (1 2) (4 1) (8 4) (5 3) (3 2) (6 3)) ((3 4) (2 1) (8 2) (4 1) (1 4) (5 3) (7 2) (6 3))) ...

| | > (buildUpSuccessor '(((7 4) (2 1) (1 2) (4 1) (8 4) (5 3) (3 2) (6 3)) ((3 4) (2 1) (8 2) (4 1) (1 4) (5 3) (7 2) (6 3))) ...

| | > (buildUpSuccessor '(((7 4) (2 1) (1 2) (4 1) (8 4) (5 3) (3 2) (6 3)) ((3 4) (2 1) (8 2) (4 1) (1 4) (5 3) (7 2) (6 3)) (...

| | > (buildUpSuccessor '(((7 4) (2 1) (1 2) (4 1) (8 4) (5 3) (3 2) (6 3)) ((3 4) (2 1) (8 2) (4 1) (1 4) (5 3) (7 2) (6 3)) (...

| | ((((7 4) (2 1) (1 2) (4 1) (8 4) (5 3) (3 2) (6 3)) ((3 4) (2 1) (8 2) (4 1) (1 4) (5 3) (7 2) (6 3)) ((1 1) (2 1) (3 1) (4...

| > (optimisedBuildListController '(((2 5) (6 6) (3 1) (4 1) (1 5) (5 6) (7 3) (8 3)) ((5 5) (1 6) (3 1) (4 1) (6 5) (2 6) (7 3...

| > (buildUpOptimised '(((2 5) (6 6) (3 1) (4 1) (1 5) (5 6) (7 3) (8 3)) ((5 5) (1 6) (3 1) (4 1) (6 5) (2 6) (7 3) (8 3))) '(...

| | > (generateOptimisedSuccessorStates '((2 5) (6 6) (3 1) (4 1) (1 5) (5 6) (7 3) (8 3)) '("z"))
| | > (buildUpSuccessor '() '() '((2 5) (6 6) (3 1) (4 1) (1 5) (5 6) (7 3) (8 3)) '("z") #\x "z")
| | > (buildUpSuccessor '(((1 5) (6 6) (2 5) (4 1) (7 4) (5 6) (3 2) (8 3))) '(("z" "x")) '((2 5) (6 6) (3 1) (4 1) (1 5) (5 6)...

| | > (buildUpSuccessor '(((1 5) (6 6) (2 5) (4 1) (7 4) (5 6) (3 2) (8 3)) ((3 4) (6 6) (7 2) (4 1) (2 5) (5 6) (1 5) (8 3))) ...

| | > (buildUpSuccessor '(((1 5) (6 6) (2 5) (4 1) (7 4) (5 6) (3 2) (8 3)) ((3 4) (6 6) (7 2) (4 1) (2 5) (5 6) (1 5) (8 3)) (...

| | > (buildUpSuccessor '(((1 5) (6 6) (2 5) (4 1) (7 4) (5 6) (3 2) (8 3)) ((3 4) (6 6) (7 2) (4 1) (2 5) (5 6) (1 5) (8 3)) (...

| | > (buildUpSuccessor '(((1 5) (6 6) (2 5) (4 1) (7 4) (5 6) (3 2) (8 3)) ((3 4) (6 6) (7 2) (4 1) (2 5) (5 6) (1 5) (8 3)) (...

| | ((((1 5) (6 6) (2 5) (4 1) (7 4) (5 6) (3 2) (8 3)) ((3 4) (6 6) (7 2) (4 1) (2 5) (5 6) (1 5) (8 3)) ((2 5) (6 6) (3 1) (4...

| > (optimisedBuildListController '(((5 5) (1 6) (3 1) (4 1) (6 5) (2 6) (7 3) (8 3))) '(("Z")) 1 5 '(((7 1) (2 1) (5 1) (4 1) ...

| > (buildUpOptimised '(((5 5) (1 6) (3 1) (4 1) (6 5) (2 6) (7 3) (8 3))) '(("Z")) 1 5 '(((7 1) (2 1) (5 1) (4 1) (3 3) (6 3) ...

| | > (generateOptimisedSuccessorStates '((5 5) (1 6) (3 1) (4 1) (6 5) (2 6) (7 3) (8 3)) '("Z"))
| | > (buildUpSuccessor '() '() '((5 5) (1 6) (3 1) (4 1) (6 5) (2 6) (7 3) (8 3)) '("Z") #\x "Z")
| | > (buildUpSuccessor '(((6 5) (1 6) (5 5) (4 1) (7 4) (2 6) (3 2) (8 3))) '(("Z" "x")) '((5 5) (1 6) (3 1) (4 1) (6 5) (2 6)...

| | > (buildUpSuccessor '(((6 5) (1 6) (5 5) (4 1) (7 4) (2 6) (3 2) (8 3)) ((3 4) (1 6) (7 2) (4 1) (5 5) (2 6) (6 5) (8 3))) ...

| | > (buildUpSuccessor '(((6 5) (1 6) (5 5) (4 1) (7 4) (2 6) (3 2) (8 3)) ((3 4) (1 6) (7 2) (4 1) (5 5) (2 6) (6 5) (8 3)) (...

| | > (buildUpSuccessor '(((6 5) (1 6) (5 5) (4 1) (7 4) (2 6) (3 2) (8 3)) ((3 4) (1 6) (7 2) (4 1) (5 5) (2 6) (6 5) (8 3)) (...

| | > (buildUpSuccessor '(((6 5) (1 6) (5 5) (4 1) (7 4) (2 6) (3 2) (8 3)) ((3 4) (1 6) (7 2) (4 1) (5 5) (2 6) (6 5) (8 3)) (...

| | ((((6 5) (1 6) (5 5) (4 1) (7 4) (2 6) (3 2) (8 3)) ((3 4) (1 6) (7 2) (4 1) (5 5) (2 6) (6 5) (8 3)) ((5 5) (1 6) (3 1) (4...

| > (optimisedBuildListController '() '() 1 5 '(((7 1) (2 1) (5 1) (4 1) (3 3) (6 3) (1 3) (8 3)) ((5 4) (2 1) (1 2) (4 1) (6 3...

| > (optimisedBuildListController '(((7 1) (2 1) (5 1) (4 1) (3 3) (6 3) (1 3) (8 3)) ((5 4) (2 1) (1 2) (4 1) (6 3) (8 3) (7 5...

| > (buildUpOptimised '(((7 1) (2 1) (5 1) (4 1) (3 3) (6 3) (1 3) (8 3)) ((5 4) (2 1) (1 2) (4 1) (6 3) (8 3) (7 5) (3 6)) ((5...

| | > (generateOptimisedSuccessorStates '((7 1) (2 1) (5 1) (4 1) (3 3) (6 3) (1 3) (8 3)) '("x" "x"))
| | > (buildUpSuccessor '() '() '((7 1) (2 1) (5 1) (4 1) (3 3) (6 3) (1 3) (8 3)) '("x" "x") #\x "x")
| | > (buildUpSuccessor '(((3 4) (2 1) (7 2) (4 1) (1 4) (6 3) (5 2) (8 3))) '(("x" "x" "x")) '((7 1) (2 1) (5 1) (4 1) (3 3) (...

| | > (buildUpSuccessor '(((3 4) (2 1) (7 2) (4 1) (1 4) (6 3) (5 2) (8 3))) '(("x" "x" "x")) '((7 1) (2 1) (5 1) (4 1) (3 3) (...

| | > (buildUpSuccessor '(((3 4) (2 1) (7 2) (4 1) (1 4) (6 3) (5 2) (8 3)) ((7 1) (2 1) (5 1) (4 1) (6 3) (8 3) (3 3) (1 3))) ...

| | > (buildUpSuccessor '(((3 4) (2 1) (7 2) (4 1) (1 4) (6 3) (5 2) (8 3)) ((7 1) (2 1) (5 1) (4 1) (6 3) (8 3) (3 3) (1 3)) (...

| | > (buildUpSuccessor '(((3 4) (2 1) (7 2) (4 1) (1 4) (6 3) (5 2) (8 3)) ((7 1) (2 1) (5 1) (4 1) (6 3) (8 3) (3 3) (1 3)) (...

| | ((((3 4) (2 1) (7 2) (4 1) (1 4) (6 3) (5 2) (8 3)) ((7 1) (2 1) (5 1) (4 1) (6 3) (8 3) (3 3) (1 3)) ((7 1) (2 1) (5 1) (4...

| > (optimisedBuildListController '(((5 4) (2 1) (1 2) (4 1) (6 3) (8 3) (7 5) (3 6)) ((5 4) (2 1) (1 2) (4 1) (3 5) (7 6) (8 3...

| > (buildUpOptimised '(((5 4) (2 1) (1 2) (4 1) (6 3) (8 3) (7 5) (3 6)) ((5 4) (2 1) (1 2) (4 1) (3 5) (7 6) (8 3) (6 3)) ((2...

| | > (generateOptimisedSuccessorStates '((5 4) (2 1) (1 2) (4 1) (6 3) (8 3) (7 5) (3 6)) '("x" "y"))
| | > (buildUpSuccessor '() '() '((5 4) (2 1) (1 2) (4 1) (6 3) (8 3) (7 5) (3 6)) '("x" "y") #\x "y")
| | > (buildUpSuccessor '(((6 4) (2 1) (5 1) (4 1) (7 5) (8 3) (1 3) (3 6))) '(("x" "y" "x")) '((5 4) (2 1) (1 2) (4 1) (6 3) (...

| | > (buildUpSuccessor '(((6 4) (2 1) (5 1) (4 1) (7 5) (8 3) (1 3) (3 6)) ((1 1) (2 1) (7 5) (4 1) (5 3) (8 3) (6 2) (3 6))) ...

| | > (buildUpSuccessor '(((6 4) (2 1) (5 1) (4 1) (7 5) (8 3) (1 3) (3 6)) ((1 1) (2 1) (7 5) (4 1) (5 3) (8 3) (6 2) (3 6)) (...

| | > (buildUpSuccessor '(((6 4) (2 1) (5 1) (4 1) (7 5) (8 3) (1 3) (3 6)) ((1 1) (2 1) (7 5) (4 1) (5 3) (8 3) (6 2) (3 6)) (...

| | > (buildUpSuccessor '(((6 4) (2 1) (5 1) (4 1) (7 5) (8 3) (1 3) (3 6)) ((1 1) (2 1) (7 5) (4 1) (5 3) (8 3) (6 2) (3 6)) (...

| | ((((6 4) (2 1) (5 1) (4 1) (7 5) (8 3) (1 3) (3 6)) ((1 1) (2 1) (7 5) (4 1) (5 3) (8 3) (6 2) (3 6)) ((5 4) (2 1) (1 2) (4...

| > (optimisedBuildListController '(((5 4) (2 1) (1 2) (4 1) (3 5) (7 6) (8 3) (6 3)) ((2 5) (6 6) (1 2) (4 1) (5 4) (7 4) (3 2...

| > (buildUpOptimised '(((5 4) (2 1) (1 2) (4 1) (3 5) (7 6) (8 3) (6 3)) ((2 5) (6 6) (1 2) (4 1) (5 4) (7 4) (3 2) (8 3)) ((7...

| | > (generateOptimisedSuccessorStates '((5 4) (2 1) (1 2) (4 1) (3 5) (7 6) (8 3) (6 3)) '("x" "Y"))
| | > (buildUpSuccessor '() '() '((5 4) (2 1) (1 2) (4 1) (3 5) (7 6) (8 3) (6 3)) '("x" "Y") #\x "Y")
| | > (buildUpSuccessor '(((3 5) (2 1) (5 1) (4 1) (8 4) (7 6) (1 3) (6 3))) '(("x" "Y" "x")) '((5 4) (2 1) (1 2) (4 1) (3 5) (...

| | > (buildUpSuccessor '(((3 5) (2 1) (5 1) (4 1) (8 4) (7 6) (1 3) (6 3)) ((1 1) (2 1) (8 2) (4 1) (5 3) (7 6) (3 5) (6 3))) ...

| | > (buildUpSuccessor '(((3 5) (2 1) (5 1) (4 1) (8 4) (7 6) (1 3) (6 3)) ((1 1) (2 1) (8 2) (4 1) (5 3) (7 6) (3 5) (6 3))) ...

| | > (buildUpSuccessor '(((3 5) (2 1) (5 1) (4 1) (8 4) (7 6) (1 3) (6 3)) ((1 1) (2 1) (8 2) (4 1) (5 3) (7 6) (3 5) (6 3)) (...

| | > (buildUpSuccessor '(((3 5) (2 1) (5 1) (4 1) (8 4) (7 6) (1 3) (6 3)) ((1 1) (2 1) (8 2) (4 1) (5 3) (7 6) (3 5) (6 3)) (...

| | ((((3 5) (2 1) (5 1) (4 1) (8 4) (7 6) (1 3) (6 3)) ((1 1) (2 1) (8 2) (4 1) (5 3) (7 6) (3 5) (6 3)) ((5 4) (2 1) (1 2) (4...

| > (optimisedBuildListController '(((2 5) (6 6) (1 2) (4 1) (5 4) (7 4) (3 2) (8 3)) ((7 4) (5 4) (1 2) (4 1) (6 5) (2 6) (3 2...

| > (buildUpOptimised '(((2 5) (6 6) (1 2) (4 1) (5 4) (7 4) (3 2) (8 3)) ((7 4) (5 4) (1 2) (4 1) (6 5) (2 6) (3 2) (8 3)) ((7...

| | > (generateOptimisedSuccessorStates '((2 5) (6 6) (1 2) (4 1) (5 4) (7 4) (3 2) (8 3)) '("x" "z"))
| | > (buildUpSuccessor '() '() '((2 5) (6 6) (1 2) (4 1) (5 4) (7 4) (3 2) (8 3)) '("x" "z") #\x "z")
| | > (buildUpSuccessor '(((5 1) (6 6) (2 5) (4 1) (3 3) (7 4) (1 3) (8 3))) '(("x" "z" "x")) '((2 5) (6 6) (1 2) (4 1) (5 4) (...

| | > (buildUpSuccessor '(((5 1) (6 6) (2 5) (4 1) (3 3) (7 4) (1 3) (8 3)) ((1 1) (6 6) (3 1) (4 1) (2 5) (7 4) (5 3) (8 3))) ...

| | > (buildUpSuccessor '(((5 1) (6 6) (2 5) (4 1) (3 3) (7 4) (1 3) (8 3)) ((1 1) (6 6) (3 1) (4 1) (2 5) (7 4) (5 3) (8 3)) (...

| | > (buildUpSuccessor '(((5 1) (6 6) (2 5) (4 1) (3 3) (7 4) (1 3) (8 3)) ((1 1) (6 6) (3 1) (4 1) (2 5) (7 4) (5 3) (8 3)) (...

| | > (buildUpSuccessor '(((5 1) (6 6) (2 5) (4 1) (3 3) (7 4) (1 3) (8 3)) ((1 1) (6 6) (3 1) (4 1) (2 5) (7 4) (5 3) (8 3)) (...

| | ((((5 1) (6 6) (2 5) (4 1) (3 3) (7 4) (1 3) (8 3)) ((1 1) (6 6) (3 1) (4 1) (2 5) (7 4) (5 3) (8 3)) ((2 5) (6 6) (1 2) (4...

| > (optimisedBuildListController '(((7 4) (5 4) (1 2) (4 1) (6 5) (2 6) (3 2) (8 3)) ((7 1) (2 1) (5 1) (4 1) (3 3) (6 3) (1 3...

| > (buildUpOptimised '(((7 4) (5 4) (1 2) (4 1) (6 5) (2 6) (3 2) (8 3)) ((7 1) (2 1) (5 1) (4 1) (3 3) (6 3) (1 3) (8 3)) ((3...

| | > (generateOptimisedSuccessorStates '((7 4) (5 4) (1 2) (4 1) (6 5) (2 6) (3 2) (8 3)) '("x" "Z"))
| | > (buildUpSuccessor '() '() '((7 4) (5 4) (1 2) (4 1) (6 5) (2 6) (3 2) (8 3)) '("x" "Z") #\x "Z")
| | > (buildUpSuccessor '(((6 5) (5 4) (7 1) (4 1) (3 3) (2 6) (1 3) (8 3))) '(("x" "Z" "x")) '((7 4) (5 4) (1 2) (4 1) (6 5) (...

| | > (buildUpSuccessor '(((6 5) (5 4) (7 1) (4 1) (3 3) (2 6) (1 3) (8 3)) ((1 1) (5 4) (3 1) (4 1) (7 3) (2 6) (6 5) (8 3))) ...

| | > (buildUpSuccessor '(((6 5) (5 4) (7 1) (4 1) (3 3) (2 6) (1 3) (8 3)) ((1 1) (5 4) (3 1) (4 1) (7 3) (2 6) (6 5) (8 3)) (...

| | > (buildUpSuccessor '(((6 5) (5 4) (7 1) (4 1) (3 3) (2 6) (1 3) (8 3)) ((1 1) (5 4) (3 1) (4 1) (7 3) (2 6) (6 5) (8 3)) (...

| | > (buildUpSuccessor '(((6 5) (5 4) (7 1) (4 1) (3 3) (2 6) (1 3) (8 3)) ((1 1) (5 4) (3 1) (4 1) (7 3) (2 6) (6 5) (8 3)) (...

| | ((((6 5) (5 4) (7 1) (4 1) (3 3) (2 6) (1 3) (8 3)) ((1 1) (5 4) (3 1) (4 1) (7 3) (2 6) (6 5) (8 3)) ((7 4) (5 4) (1 2) (4...

| > (optimisedBuildListController '(((7 1) (2 1) (5 1) (4 1) (3 3) (6 3) (1 3) (8 3)) ((3 4) (2 1) (7 2) (4 1) (6 3) (8 3) (1 5...

| > (buildUpOptimised '(((7 1) (2 1) (5 1) (4 1) (3 3) (6 3) (1 3) (8 3)) ((3 4) (2 1) (7 2) (4 1) (6 3) (8 3) (1 5) (5 6)) ((3...

| | > (generateOptimisedSuccessorStates '((7 1) (2 1) (5 1) (4 1) (3 3) (6 3) (1 3) (8 3)) '("X" "X"))
| | > (buildUpSuccessor '() '() '((7 1) (2 1) (5 1) (4 1) (3 3) (6 3) (1 3) (8 3)) '("X" "X") #\x "X")
| | > (buildUpSuccessor '() '() '((7 1) (2 1) (5 1) (4 1) (3 3) (6 3) (1 3) (8 3)) '("X" "X") #\X "X")
| | > (buildUpSuccessor '(((5 4) (2 1) (1 2) (4 1) (7 4) (6 3) (3 2) (8 3))) '(("X" "X" "X")) '((7 1) (2 1) (5 1) (4 1) (3 3) (...

| | > (buildUpSuccessor '(((5 4) (2 1) (1 2) (4 1) (7 4) (6 3) (3 2) (8 3)) ((7 1) (2 1) (5 1) (4 1) (6 3) (8 3) (3 3) (1 3))) ...

| | > (buildUpSuccessor '(((5 4) (2 1) (1 2) (4 1) (7 4) (6 3) (3 2) (8 3)) ((7 1) (2 1) (5 1) (4 1) (6 3) (8 3) (3 3) (1 3)) (...

| | > (buildUpSuccessor '(((5 4) (2 1) (1 2) (4 1) (7 4) (6 3) (3 2) (8 3)) ((7 1) (2 1) (5 1) (4 1) (6 3) (8 3) (3 3) (1 3)) (...

| | ((((5 4) (2 1) (1 2) (4 1) (7 4) (6 3) (3 2) (8 3)) ((7 1) (2 1) (5 1) (4 1) (6 3) (8 3) (3 3) (1 3)) ((7 1) (2 1) (5 1) (4...

| > (optimisedBuildListController '(((3 4) (2 1) (7 2) (4 1) (6 3) (8 3) (1 5) (5 6)) ((3 4) (2 1) (7 2) (4 1) (5 5) (1 6) (8 3...

| > (buildUpOptimised '(((3 4) (2 1) (7 2) (4 1) (6 3) (8 3) (1 5) (5 6)) ((3 4) (2 1) (7 2) (4 1) (5 5) (1 6) (8 3) (6 3)) ((2...

| | > (generateOptimisedSuccessorStates '((3 4) (2 1) (7 2) (4 1) (6 3) (8 3) (1 5) (5 6)) '("X" "y"))
| | > (buildUpSuccessor '() '() '((3 4) (2 1) (7 2) (4 1) (6 3) (8 3) (1 5) (5 6)) '("X" "y") #\x "y")
| | > (buildUpSuccessor '(((6 4) (2 1) (3 1) (4 1) (1 5) (8 3) (7 3) (5 6))) '(("X" "y" "x")) '((3 4) (2 1) (7 2) (4 1) (6 3) (...

| | > (buildUpSuccessor '(((6 4) (2 1) (3 1) (4 1) (1 5) (8 3) (7 3) (5 6)) ((7 1) (2 1) (1 5) (4 1) (3 3) (8 3) (6 2) (5 6))) ...

| | > (buildUpSuccessor '(((6 4) (2 1) (3 1) (4 1) (1 5) (8 3) (7 3) (5 6)) ((7 1) (2 1) (1 5) (4 1) (3 3) (8 3) (6 2) (5 6)) (...

| | > (buildUpSuccessor '(((6 4) (2 1) (3 1) (4 1) (1 5) (8 3) (7 3) (5 6)) ((7 1) (2 1) (1 5) (4 1) (3 3) (8 3) (6 2) (5 6)) (...

| | > (buildUpSuccessor '(((6 4) (2 1) (3 1) (4 1) (1 5) (8 3) (7 3) (5 6)) ((7 1) (2 1) (1 5) (4 1) (3 3) (8 3) (6 2) (5 6)) (...

| | ((((6 4) (2 1) (3 1) (4 1) (1 5) (8 3) (7 3) (5 6)) ((7 1) (2 1) (1 5) (4 1) (3 3) (8 3) (6 2) (5 6)) ((3 4) (2 1) (7 2) (4...

| > (optimisedBuildListController '(((3 4) (2 1) (7 2) (4 1) (5 5) (1 6) (8 3) (6 3)) ((2 5) (6 6) (7 2) (4 1) (3 4) (1 4) (5 2...

| > (buildUpOptimised '(((3 4) (2 1) (7 2) (4 1) (5 5) (1 6) (8 3) (6 3)) ((2 5) (6 6) (7 2) (4 1) (3 4) (1 4) (5 2) (8 3)) ((1...

| | > (generateOptimisedSuccessorStates '((3 4) (2 1) (7 2) (4 1) (5 5) (1 6) (8 3) (6 3)) '("X" "Y"))
| | > (buildUpSuccessor '() '() '((3 4) (2 1) (7 2) (4 1) (5 5) (1 6) (8 3) (6 3)) '("X" "Y") #\x "Y")
| | > (buildUpSuccessor '(((5 5) (2 1) (3 1) (4 1) (8 4) (1 6) (7 3) (6 3))) '(("X" "Y" "x")) '((3 4) (2 1) (7 2) (4 1) (5 5) (...

| | > (buildUpSuccessor '(((5 5) (2 1) (3 1) (4 1) (8 4) (1 6) (7 3) (6 3)) ((7 1) (2 1) (8 2) (4 1) (3 3) (1 6) (5 5) (6 3))) ...

| | > (buildUpSuccessor '(((5 5) (2 1) (3 1) (4 1) (8 4) (1 6) (7 3) (6 3)) ((7 1) (2 1) (8 2) (4 1) (3 3) (1 6) (5 5) (6 3))) ...

| | > (buildUpSuccessor '(((5 5) (2 1) (3 1) (4 1) (8 4) (1 6) (7 3) (6 3)) ((7 1) (2 1) (8 2) (4 1) (3 3) (1 6) (5 5) (6 3)) (...

| | > (buildUpSuccessor '(((5 5) (2 1) (3 1) (4 1) (8 4) (1 6) (7 3) (6 3)) ((7 1) (2 1) (8 2) (4 1) (3 3) (1 6) (5 5) (6 3)) (...

| | ((((5 5) (2 1) (3 1) (4 1) (8 4) (1 6) (7 3) (6 3)) ((7 1) (2 1) (8 2) (4 1) (3 3) (1 6) (5 5) (6 3)) ((3 4) (2 1) (7 2) (4...

| > (optimisedBuildListController '(((2 5) (6 6) (7 2) (4 1) (3 4) (1 4) (5 2) (8 3)) ((1 4) (3 4) (7 2) (4 1) (6 5) (2 6) (5 2...

| > (buildUpOptimised '(((2 5) (6 6) (7 2) (4 1) (3 4) (1 4) (5 2) (8 3)) ((1 4) (3 4) (7 2) (4 1) (6 5) (2 6) (5 2) (8 3)) ((6...

| | > (generateOptimisedSuccessorStates '((2 5) (6 6) (7 2) (4 1) (3 4) (1 4) (5 2) (8 3)) '("X" "z"))
| | > (buildUpSuccessor '() '() '((2 5) (6 6) (7 2) (4 1) (3 4) (1 4) (5 2) (8 3)) '("X" "z") #\x "z")
| | > (buildUpSuccessor '(((3 1) (6 6) (2 5) (4 1) (5 3) (1 4) (7 3) (8 3))) '(("X" "z" "x")) '((2 5) (6 6) (7 2) (4 1) (3 4) (...

| | > (buildUpSuccessor '(((3 1) (6 6) (2 5) (4 1) (5 3) (1 4) (7 3) (8 3)) ((7 1) (6 6) (5 1) (4 1) (2 5) (1 4) (3 3) (8 3))) ...

| | > (buildUpSuccessor '(((3 1) (6 6) (2 5) (4 1) (5 3) (1 4) (7 3) (8 3)) ((7 1) (6 6) (5 1) (4 1) (2 5) (1 4) (3 3) (8 3)) (...

| | > (buildUpSuccessor '(((3 1) (6 6) (2 5) (4 1) (5 3) (1 4) (7 3) (8 3)) ((7 1) (6 6) (5 1) (4 1) (2 5) (1 4) (3 3) (8 3)) (...

| | > (buildUpSuccessor '(((3 1) (6 6) (2 5) (4 1) (5 3) (1 4) (7 3) (8 3)) ((7 1) (6 6) (5 1) (4 1) (2 5) (1 4) (3 3) (8 3)) (...

| | ((((3 1) (6 6) (2 5) (4 1) (5 3) (1 4) (7 3) (8 3)) ((7 1) (6 6) (5 1) (4 1) (2 5) (1 4) (3 3) (8 3)) ((2 5) (6 6) (7 2) (4...

| > (optimisedBuildListController '(((1 4) (3 4) (7 2) (4 1) (6 5) (2 6) (5 2) (8 3)) ((6 4) (2 1) (1 2) (4 1) (5 4) (8 3) (3 2...

| > (buildUpOptimised '(((1 4) (3 4) (7 2) (4 1) (6 5) (2 6) (5 2) (8 3)) ((6 4) (2 1) (1 2) (4 1) (5 4) (8 3) (3 2) (7 3)) ((3...

| | > (generateOptimisedSuccessorStates '((1 4) (3 4) (7 2) (4 1) (6 5) (2 6) (5 2) (8 3)) '("X" "Z"))
| | > (buildUpSuccessor '() '() '((1 4) (3 4) (7 2) (4 1) (6 5) (2 6) (5 2) (8 3)) '("X" "Z") #\x "Z")
| | > (buildUpSuccessor '(((6 5) (3 4) (1 1) (4 1) (5 3) (2 6) (7 3) (8 3))) '(("X" "Z" "x")) '((1 4) (3 4) (7 2) (4 1) (6 5) (...

| | > (buildUpSuccessor '(((6 5) (3 4) (1 1) (4 1) (5 3) (2 6) (7 3) (8 3)) ((7 1) (3 4) (5 1) (4 1) (1 3) (2 6) (6 5) (8 3))) ...

| | > (buildUpSuccessor '(((6 5) (3 4) (1 1) (4 1) (5 3) (2 6) (7 3) (8 3)) ((7 1) (3 4) (5 1) (4 1) (1 3) (2 6) (6 5) (8 3)) (...

| | > (buildUpSuccessor '(((6 5) (3 4) (1 1) (4 1) (5 3) (2 6) (7 3) (8 3)) ((7 1) (3 4) (5 1) (4 1) (1 3) (2 6) (6 5) (8 3)) (...

| | > (buildUpSuccessor '(((6 5) (3 4) (1 1) (4 1) (5 3) (2 6) (7 3) (8 3)) ((7 1) (3 4) (5 1) (4 1) (1 3) (2 6) (6 5) (8 3)) (...

| | ((((6 5) (3 4) (1 1) (4 1) (5 3) (2 6) (7 3) (8 3)) ((7 1) (3 4) (5 1) (4 1) (1 3) (2 6) (6 5) (8 3)) ((1 4) (3 4) (7 2) (4...

| > (optimisedBuildListController '(((6 4) (2 1) (1 2) (4 1) (5 4) (8 3) (3 2) (7 3)) ((3 4) (2 1) (5 2) (4 1) (1 4) (8 3) (6 2...

| > (buildUpOptimised '(((6 4) (2 1) (1 2) (4 1) (5 4) (8 3) (3 2) (7 3)) ((3 4) (2 1) (5 2) (4 1) (1 4) (8 3) (6 2) (7 3)) ((1...

| | > (generateOptimisedSuccessorStates '((6 4) (2 1) (1 2) (4 1) (5 4) (8 3) (3 2) (7 3)) '("y" "x"))
| | > (buildUpSuccessor '() '() '((6 4) (2 1) (1 2) (4 1) (5 4) (8 3) (3 2) (7 3)) '("y" "x") #\x "x")
| | > (buildUpSuccessor '(((5 1) (2 1) (6 1) (4 1) (3 3) (8 3) (1 3) (7 3))) '(("y" "x" "x")) '((6 4) (2 1) (1 2) (4 1) (5 4) (...

| | > (buildUpSuccessor '(((5 1) (2 1) (6 1) (4 1) (3 3) (8 3) (1 3) (7 3))) '(("y" "x" "x")) '((6 4) (2 1) (1 2) (4 1) (5 4) (...

| | > (buildUpSuccessor '(((5 1) (2 1) (6 1) (4 1) (3 3) (8 3) (1 3) (7 3)) ((6 4) (2 1) (1 2) (4 1) (8 3) (7 3) (5 5) (3 6))) ...

| | > (buildUpSuccessor '(((5 1) (2 1) (6 1) (4 1) (3 3) (8 3) (1 3) (7 3)) ((6 4) (2 1) (1 2) (4 1) (8 3) (7 3) (5 5) (3 6)) (...

| | > (buildUpSuccessor '(((5 1) (2 1) (6 1) (4 1) (3 3) (8 3) (1 3) (7 3)) ((6 4) (2 1) (1 2) (4 1) (8 3) (7 3) (5 5) (3 6)) (...

| | ((((5 1) (2 1) (6 1) (4 1) (3 3) (8 3) (1 3) (7 3)) ((6 4) (2 1) (1 2) (4 1) (8 3) (7 3) (5 5) (3 6)) ((6 4) (2 1) (1 2) (4...

| > (optimisedBuildListController '(((3 4) (2 1) (5 2) (4 1) (1 4) (8 3) (6 2) (7 3)) ((1 1) (2 1) (3 1) (4 1) (8 3) (7 3) (6 3...

| > (buildUpOptimised '(((3 4) (2 1) (5 2) (4 1) (1 4) (8 3) (6 2) (7 3)) ((1 1) (2 1) (3 1) (4 1) (8 3) (7 3) (6 3) (5 3)) ((2...

| | > (generateOptimisedSuccessorStates '((3 4) (2 1) (5 2) (4 1) (1 4) (8 3) (6 2) (7 3)) '("y" "X"))
| | > (buildUpSuccessor '() '() '((3 4) (2 1) (5 2) (4 1) (1 4) (8 3) (6 2) (7 3)) '("y" "X") #\x "X")
| | > (buildUpSuccessor '() '() '((3 4) (2 1) (5 2) (4 1) (1 4) (8 3) (6 2) (7 3)) '("y" "X") #\X "X")
| | > (buildUpSuccessor '(((5 1) (2 1) (6 1) (4 1) (3 3) (8 3) (1 3) (7 3))) '(("y" "X" "X")) '((3 4) (2 1) (5 2) (4 1) (1 4) (...

| | > (buildUpSuccessor '(((5 1) (2 1) (6 1) (4 1) (3 3) (8 3) (1 3) (7 3)) ((3 4) (2 1) (5 2) (4 1) (8 3) (7 3) (1 5) (6 6))) ...

| | > (buildUpSuccessor '(((5 1) (2 1) (6 1) (4 1) (3 3) (8 3) (1 3) (7 3)) ((3 4) (2 1) (5 2) (4 1) (8 3) (7 3) (1 5) (6 6)) (...

| | > (buildUpSuccessor '(((5 1) (2 1) (6 1) (4 1) (3 3) (8 3) (1 3) (7 3)) ((3 4) (2 1) (5 2) (4 1) (8 3) (7 3) (1 5) (6 6)) (...

| | ((((5 1) (2 1) (6 1) (4 1) (3 3) (8 3) (1 3) (7 3)) ((3 4) (2 1) (5 2) (4 1) (8 3) (7 3) (1 5) (6 6)) ((3 4) (2 1) (5 2) (4...

| > (optimisedBuildListController '(((1 1) (2 1) (3 1) (4 1) (8 3) (7 3) (6 3) (5 3)) ((2 5) (8 6) (3 1) (4 1) (1 5) (6 6) (5 3...

| > (buildUpOptimised '(((1 1) (2 1) (3 1) (4 1) (8 3) (7 3) (6 3) (5 3)) ((2 5) (8 6) (3 1) (4 1) (1 5) (6 6) (5 3) (7 3)) ((6...

| | > (generateOptimisedSuccessorStates '((1 1) (2 1) (3 1) (4 1) (8 3) (7 3) (6 3) (5 3)) '("y" "y"))
| | > (buildUpSuccessor '() '() '((1 1) (2 1) (3 1) (4 1) (8 3) (7 3) (6 3) (5 3)) '("y" "y") #\x "y")
| | > (buildUpSuccessor '(((8 4) (2 1) (1 2) (4 1) (6 4) (7 3) (3 2) (5 3))) '(("y" "y" "x")) '((1 1) (2 1) (3 1) (4 1) (8 3) (...

| | > (buildUpSuccessor '(((8 4) (2 1) (1 2) (4 1) (6 4) (7 3) (3 2) (5 3)) ((3 4) (2 1) (6 2) (4 1) (1 4) (7 3) (8 2) (5 3))) ...

| | > (buildUpSuccessor '(((8 4) (2 1) (1 2) (4 1) (6 4) (7 3) (3 2) (5 3)) ((3 4) (2 1) (6 2) (4 1) (1 4) (7 3) (8 2) (5 3)) (...

| | > (buildUpSuccessor '(((8 4) (2 1) (1 2) (4 1) (6 4) (7 3) (3 2) (5 3)) ((3 4) (2 1) (6 2) (4 1) (1 4) (7 3) (8 2) (5 3)) (...

| | > (buildUpSuccessor '(((8 4) (2 1) (1 2) (4 1) (6 4) (7 3) (3 2) (5 3)) ((3 4) (2 1) (6 2) (4 1) (1 4) (7 3) (8 2) (5 3)) (...

| | ((((8 4) (2 1) (1 2) (4 1) (6 4) (7 3) (3 2) (5 3)) ((3 4) (2 1) (6 2) (4 1) (1 4) (7 3) (8 2) (5 3)) ((1 1) (2 1) (3 1) (4...
