6> (rotate "xyz" '((1 1) (2 1) (3 1) (4 1) (5 3) (6 3) (7 3) (8 3)))
| > (rotate "xyz" '((1 1) (2 1) (3 1) (4 1) (5 3) (6 3) (7 3) (8 3)))
| | > (rotateX #t '((1 1) (2 1) (3 1) (4 1) (5 3) (6 3) (7 3) (8 3)))
| | | > (rotateXPos 0 '((1 1) (2 1) (3 1) (4 1) (5 3) (6 3) (7 3) (8 3)) '())
| | | > (rotateXPos 1 '((1 1) (2 1) (3 1) (4 1) (5 3) (6 3) (7 3) (8 3)) '((5 4)))
| | | > (rotateXPos 2 '((1 1) (2 1) (3 1) (4 1) (5 3) (6 3) (7 3) (8 3)) '((5 4) (2 1)))
| | | > (rotateXPos 3 '((1 1) (2 1) (3 1) (4 1) (5 3) (6 3) (7 3) (8 3)) '((5 4) (2 1) (1 2)))
| | | > (rotateXPos 4 '((1 1) (2 1) (3 1) (4 1) (5 3) (6 3) (7 3) (8 3)) '((5 4) (2 1) (1 2) (4 1)))
| | | > (rotateXPos 5 '((1 1) (2 1) (3 1) (4 1) (5 3) (6 3) (7 3) (8 3)) '((5 4) (2 1) (1 2) (4 1) (7 4)))
| | | > (rotateXPos 6 '((1 1) (2 1) (3 1) (4 1) (5 3) (6 3) (7 3) (8 3)) '((5 4) (2 1) (1 2) (4 1) (7 4) (6 3)))
| | | > (rotateXPos 7 '((1 1) (2 1) (3 1) (4 1) (5 3) (6 3) (7 3) (8 3)) '((5 4) (2 1) (1 2) (4 1) (7 4) (6 3) (3 2)))
| | | > (rotateXPos 8 '((1 1) (2 1) (3 1) (4 1) (5 3) (6 3) (7 3) (8 3)) '((5 4) (2 1) (1 2) (4 1) (7 4) (6 3) (3 2) (8 3)))
| | | ((5 4) (2 1) (1 2) (4 1) (7 4) (6 3) (3 2) (8 3))
| | (((5 4) (2 1) (1 2) (4 1) (7 4) (6 3) (3 2) (8 3)) ("x"))
| > (rotate "yz" '((5 4) (2 1) (1 2) (4 1) (7 4) (6 3) (3 2) (8 3)))
| | > (rotateY #t '((5 4) (2 1) (1 2) (4 1) (7 4) (6 3) (3 2) (8 3)))
| | | > (rotateYPos 0 '((5 4) (2 1) (1 2) (4 1) (7 4) (6 3) (3 2) (8 3)) '())
| | | > (rotateYPos 1 '((5 4) (2 1) (1 2) (4 1) (7 4) (6 3) (3 2) (8 3)) '((5 4)))
| | | > (rotateYPos 2 '((5 4) (2 1) (1 2) (4 1) (7 4) (6 3) (3 2) (8 3)) '((5 4) (2 1)))
| | | > (rotateYPos 3 '((5 4) (2 1) (1 2) (4 1) (7 4) (6 3) (3 2) (8 3)) '((5 4) (2 1) (1 2)))
| | | > (rotateYPos 4 '((5 4) (2 1) (1 2) (4 1) (7 4) (6 3) (3 2) (8 3)) '((5 4) (2 1) (1 2) (4 1)))
| | | > (rotateYPos 5 '((5 4) (2 1) (1 2) (4 1) (7 4) (6 3) (3 2) (8 3)) '((5 4) (2 1) (1 2) (4 1) (6 3)))
| | | > (rotateYPos 6 '((5 4) (2 1) (1 2) (4 1) (7 4) (6 3) (3 2) (8 3)) '((5 4) (2 1) (1 2) (4 1) (6 3) (8 3)))
| | | > (rotateYPos 7 '((5 4) (2 1) (1 2) (4 1) (7 4) (6 3) (3 2) (8 3)) '((5 4) (2 1) (1 2) (4 1) (6 3) (8 3) (7 5)))
| | | > (rotateYPos 8 '((5 4) (2 1) (1 2) (4 1) (7 4) (6 3) (3 2) (8 3)) '((5 4) (2 1) (1 2) (4 1) (6 3) (8 3) (7 5) (3 6)))
| | | ((5 4) (2 1) (1 2) (4 1) (6 3) (8 3) (7 5) (3 6))
| | (((5 4) (2 1) (1 2) (4 1) (6 3) (8 3) (7 5) (3 6)) ("y"))
| > (rotate "z" '((5 4) (2 1) (1 2) (4 1) (6 3) (8 3) (7 5) (3 6)))
| | > (rotateZ #t '((5 4) (2 1) (1 2) (4 1) (6 3) (8 3) (7 5) (3 6)))
| | | > (rotateZPos 0 '((5 4) (2 1) (1 2) (4 1) (6 3) (8 3) (7 5) (3 6)) '())
| | | > (rotateZPos 1 '((5 4) (2 1) (1 2) (4 1) (6 3) (8 3) (7 5) (3 6)) '((2 5)))
| | | > (rotateZPos 2 '((5 4) (2 1) (1 2) (4 1) (6 3) (8 3) (7 5) (3 6)) '((2 5) (8 6)))
| | | > (rotateZPos 3 '((5 4) (2 1) (1 2) (4 1) (6 3) (8 3) (7 5) (3 6)) '((2 5) (8 6) (1 2)))
| | | > (rotateZPos 4 '((5 4) (2 1) (1 2) (4 1) (6 3) (8 3) (7 5) (3 6)) '((2 5) (8 6) (1 2) (4 1)))
| | | > (rotateZPos 5 '((5 4) (2 1) (1 2) (4 1) (6 3) (8 3) (7 5) (3 6)) '((2 5) (8 6) (1 2) (4 1) (5 4)))
| | | > (rotateZPos 6 '((5 4) (2 1) (1 2) (4 1) (6 3) (8 3) (7 5) (3 6)) '((2 5) (8 6) (1 2) (4 1) (5 4) (6 6)))
| | | > (rotateZPos 7 '((5 4) (2 1) (1 2) (4 1) (6 3) (8 3) (7 5) (3 6)) '((2 5) (8 6) (1 2) (4 1) (5 4) (6 6) (7 5)))
| | | > (rotateZPos 8 '((5 4) (2 1) (1 2) (4 1) (6 3) (8 3) (7 5) (3 6)) '((2 5) (8 6) (1 2) (4 1) (5 4) (6 6) (7 5) (3 6)))
| | | ((2 5) (8 6) (1 2) (4 1) (5 4) (6 6) (7 5) (3 6))
| | (((2 5) (8 6) (1 2) (4 1) (5 4) (6 6) (7 5) (3 6)) ("z"))
| > (rotate "" '((2 5) (8 6) (1 2) (4 1) (5 4) (6 6) (7 5) (3 6)))
| ((2 5) (8 6) (1 2) (4 1) (5 4) (6 6) (7 5) (3 6))
((2 5) (8 6) (1 2) (4 1) (5 4) (6 6) (7 5) (3 6))