# Brian Mc George
# MCGBRI004
# 17-04-2015
# N.B. This function itself is tail recursive but uses genStatesOptimised which is not tail recursive (but gives the fastest timings)
# Please see theoretical questions pdf or Readme for more information.
# This is only a snip-it since the output is very long
# Test command: (solveCube solvedStates (rotate "xyz" '((1 1) (2 1) (3 1) (4 1) (5 3) (6 3) (7 3) (8 3))) 0)

| > (solveCube '(((1 1) (2 1) (3 1) (4 1) (5 3) (6 3) (7 3) (8 3)) ((3 1) (1 1) (4 1) (2 1) (7 3) (5 3) (8 3) (6 3)) ((4 1) (3 ...

| | > (genStatesOptimised 0 '((2 5) (8 6) (1 2) (4 1) (5 4) (6 6) (7 5) (3 6)) '())
| | ((((2 5) (8 6) (1 2) (4 1) (5 4) (6 6) (7 5) (3 6))) (()))
| | > (listSearcher '(((2 5) (8 6) (1 2) (4 1) (5 4) (6 6) (7 5) (3 6))) '(()) '(((1 1) (2 1) (3 1) (4 1) (5 3) (6 3) (7 3) (8 ...

| | > (listSearcher '() '() '(((1 1) (2 1) (3 1) (4 1) (5 3) (6 3) (7 3) (8 3)) ((3 1) (1 1) (4 1) (2 1) (7 3) (5 3) (8 3) (6 3...

| | ()
| > (solveCube '(((1 1) (2 1) (3 1) (4 1) (5 3) (6 3) (7 3) (8 3)) ((3 1) (1 1) (4 1) (2 1) (7 3) (5 3) (8 3) (6 3)) ((4 1) (3 ...

| | > (genStatesOptimised 1 '((2 5) (8 6) (1 2) (4 1) (5 4) (6 6) (7 5) (3 6)) '())
| | ((((5 1) (8 6) (2 5) (4 1) (7 5) (6 6) (1 3) (3 6)) ((1 1) (8 6) (7 5) (4 1) (2 5) (6 6) (5 3) (3 6)) ((2 5) (8 6) (1 2) (4...

| | > (listSearcher '(((5 1) (8 6) (2 5) (4 1) (7 5) (6 6) (1 3) (3 6)) ((1 1) (8 6) (7 5) (4 1) (2 5) (6 6) (5 3) (3 6)) ((2 5...

| | > (listSearcher '(((1 1) (8 6) (7 5) (4 1) (2 5) (6 6) (5 3) (3 6)) ((2 5) (8 6) (1 2) (4 1) (6 4) (3 4) (5 5) (7 2)) ((2 5...

| | > (listSearcher '(((2 5) (8 6) (1 2) (4 1) (6 4) (3 4) (5 5) (7 2)) ((2 5) (8 6) (1 2) (4 1) (7 4) (5 6) (3 2) (6 2)) ((8 1...

| | > (listSearcher '(((2 5) (8 6) (1 2) (4 1) (7 4) (5 6) (3 2) (6 2)) ((8 1) (6 1) (1 2) (4 1) (2 3) (5 4) (7 5) (3 6)) ((5 4...

| | > (listSearcher '(((8 1) (6 1) (1 2) (4 1) (2 3) (5 4) (7 5) (3 6)) ((5 4) (2 1) (1 2) (4 1) (6 3) (8 3) (7 5) (3 6))) '(("...

| | > (listSearcher '(((5 4) (2 1) (1 2) (4 1) (6 3) (8 3) (7 5) (3 6))) '(("Z")) '(((1 1) (2 1) (3 1) (4 1) (5 3) (6 3) (7 3) ...

| | > (listSearcher '() '() '(((1 1) (2 1) (3 1) (4 1) (5 3) (6 3) (7 3) (8 3)) ((3 1) (1 1) (4 1) (2 1) (7 3) (5 3) (8 3) (6 3...

| | ()
| > (solveCube '(((1 1) (2 1) (3 1) (4 1) (5 3) (6 3) (7 3) (8 3)) ((3 1) (1 1) (4 1) (2 1) (7 3) (5 3) (8 3) (6 3)) ((4 1) (3 ...

| | > (genStatesOptimised 2 '((2 5) (8 6) (1 2) (4 1) (5 4) (6 6) (7 5) (3 6)) '())
| | | > (genStatesOptimised 1 '((5 1) (8 6) (2 5) (4 1) (7 5) (6 6) (1 3) (3 6)) '("x"))
| | | ((((7 5) (8 6) (5 2) (4 1) (1 4) (6 6) (2 5) (3 6)) ((5 1) (8 6) (2 5) (4 1) (6 4) (3 4) (7 2) (1 3)) ((5 1) (8 6) (2 5) ...

| | | > (genStatesOptimised 1 '((1 1) (8 6) (7 5) (4 1) (2 5) (6 6) (5 3) (3 6)) '("X"))
| | | ((((7 5) (8 6) (5 2) (4 1) (1 4) (6 6) (2 5) (3 6)) ((1 1) (8 6) (7 5) (4 1) (6 4) (3 4) (2 2) (5 3)) ((1 1) (8 6) (7 5) ...

| | | > (genStatesOptimised 1 '((2 5) (8 6) (1 2) (4 1) (6 4) (3 4) (5 5) (7 2)) '("y"))
| | | ((((6 1) (8 6) (2 5) (4 1) (5 5) (3 4) (1 3) (7 2)) ((1 1) (8 6) (5 5) (4 1) (2 5) (3 4) (6 3) (7 2)) ((2 5) (8 6) (1 2) ...

| | | > (genStatesOptimised 1 '((2 5) (8 6) (1 2) (4 1) (7 4) (5 6) (3 2) (6 2)) '("Y"))
| | | ((((7 1) (8 6) (2 5) (4 1) (3 3) (5 6) (1 3) (6 2)) ((1 1) (8 6) (3 1) (4 1) (2 5) (5 6) (7 3) (6 2)) ((2 5) (8 6) (1 2) ...

| | | > (genStatesOptimised 1 '((8 1) (6 1) (1 2) (4 1) (2 3) (5 4) (7 5) (3 6)) '("z"))
| | | ((((2 4) (6 1) (8 2) (4 1) (7 5) (5 4) (1 3) (3 6)) ((1 1) (6 1) (7 5) (4 1) (8 4) (5 4) (2 2) (3 6)) ((8 1) (6 1) (1 2) ...

| | | > (genStatesOptimised 1 '((5 4) (2 1) (1 2) (4 1) (6 3) (8 3) (7 5) (3 6)) '("Z"))
| | | ((((6 4) (2 1) (5 1) (4 1) (7 5) (8 3) (1 3) (3 6)) ((1 1) (2 1) (7 5) (4 1) (5 3) (8 3) (6 2) (3 6)) ((5 4) (2 1) (1 2) ...

| | ((((7 5) (8 6) (5 2) (4 1) (1 4) (6 6) (2 5) (3 6)) ((5 1) (8 6) (2 5) (4 1) (6 4) (3 4) (7 2) (1 3)) ((5 1) (8 6) (2 5) (4...

| | > (listSearcher '(((7 5) (8 6) (5 2) (4 1) (1 4) (6 6) (2 5) (3 6)) ((5 1) (8 6) (2 5) (4 1) (6 4) (3 4) (7 2) (1 3)) ((5 1...

| | > (listSearcher '(((5 1) (8 6) (2 5) (4 1) (6 4) (3 4) (7 2) (1 3)) ((5 1) (8 6) (2 5) (4 1) (1 3) (7 4) (3 2) (6 2)) ((8 1...

| | > (listSearcher '(((5 1) (8 6) (2 5) (4 1) (1 3) (7 4) (3 2) (6 2)) ((8 1) (6 1) (2 5) (4 1) (5 5) (7 3) (1 3) (3 6)) ((7 1...

| | > (listSearcher '(((8 1) (6 1) (2 5) (4 1) (5 5) (7 3) (1 3) (3 6)) ((7 1) (5 6) (2 5) (4 1) (6 3) (8 3) (1 3) (3 6)) ((7 5...

| | > (listSearcher '(((7 1) (5 6) (2 5) (4 1) (6 3) (8 3) (1 3) (3 6)) ((7 5) (8 6) (5 2) (4 1) (1 4) (6 6) (2 5) (3 6)) ((1 1...

| | > (listSearcher '(((7 5) (8 6) (5 2) (4 1) (1 4) (6 6) (2 5) (3 6)) ((1 1) (8 6) (7 5) (4 1) (6 4) (3 4) (2 2) (5 3)) ((1 1...

| | > (listSearcher '(((1 1) (8 6) (7 5) (4 1) (6 4) (3 4) (2 2) (5 3)) ((1 1) (8 6) (7 5) (4 1) (5 3) (2 4) (3 2) (6 2)) ((8 1...

| | > (listSearcher '(((1 1) (8 6) (7 5) (4 1) (5 3) (2 4) (3 2) (6 2)) ((8 1) (6 1) (7 5) (4 1) (1 5) (2 3) (5 3) (3 6)) ((2 1...

| | > (listSearcher '(((8 1) (6 1) (7 5) (4 1) (1 5) (2 3) (5 3) (3 6)) ((2 1) (1 6) (7 5) (4 1) (6 3) (8 3) (5 3) (3 6)) ((6 1...

| | > (listSearcher '(((2 1) (1 6) (7 5) (4 1) (6 3) (8 3) (5 3) (3 6)) ((6 1) (8 6) (2 5) (4 1) (5 5) (3 4) (1 3) (7 2)) ((1 1...

| | > (listSearcher '(((6 1) (8 6) (2 5) (4 1) (5 5) (3 4) (1 3) (7 2)) ((1 1) (8 6) (5 5) (4 1) (2 5) (3 4) (6 3) (7 2)) ((2 5...

| | > (listSearcher '(((1 1) (8 6) (5 5) (4 1) (2 5) (3 4) (6 3) (7 2)) ((2 5) (8 6) (1 2) (4 1) (3 5) (7 6) (6 5) (5 2)) ((8 1...

| | > (listSearcher '(((2 5) (8 6) (1 2) (4 1) (3 5) (7 6) (6 5) (5 2)) ((8 1) (3 4) (1 2) (4 1) (2 3) (6 4) (5 5) (7 2)) ((6 4...

| | > (listSearcher '(((8 1) (3 4) (1 2) (4 1) (2 3) (6 4) (5 5) (7 2)) ((6 4) (2 1) (1 2) (4 1) (3 4) (8 3) (5 5) (7 2)) ((7 1...

| | > (listSearcher '(((6 4) (2 1) (1 2) (4 1) (3 4) (8 3) (5 5) (7 2)) ((7 1) (8 6) (2 5) (4 1) (3 3) (5 6) (1 3) (6 2)) ((1 1...

| | > (listSearcher '(((7 1) (8 6) (2 5) (4 1) (3 3) (5 6) (1 3) (6 2)) ((1 1) (8 6) (3 1) (4 1) (2 5) (5 6) (7 3) (6 2)) ((2 5...

| | > (listSearcher '(((1 1) (8 6) (3 1) (4 1) (2 5) (5 6) (7 3) (6 2)) ((2 5) (8 6) (1 2) (4 1) (3 5) (7 6) (6 5) (5 2)) ((8 1...

| | > (listSearcher '(((2 5) (8 6) (1 2) (4 1) (3 5) (7 6) (6 5) (5 2)) ((8 1) (5 1) (1 2) (4 1) (2 3) (7 4) (3 2) (6 2)) ((7 4...

| | > (listSearcher '(((8 1) (5 1) (1 2) (4 1) (2 3) (7 4) (3 2) (6 2)) ((7 4) (2 1) (1 2) (4 1) (5 3) (8 3) (3 2) (6 2)) ((2 4...

| | > (listSearcher '(((7 4) (2 1) (1 2) (4 1) (5 3) (8 3) (3 2) (6 2)) ((2 4) (6 1) (8 2) (4 1) (7 5) (5 4) (1 3) (3 6)) ((1 1...

| | > (listSearcher '(((2 4) (6 1) (8 2) (4 1) (7 5) (5 4) (1 3) (3 6)) ((1 1) (6 1) (7 5) (4 1) (8 4) (5 4) (2 2) (3 6)) ((8 1...

| | > (listSearcher '(((1 1) (6 1) (7 5) (4 1) (8 4) (5 4) (2 2) (3 6)) ((8 1) (6 1) (1 2) (4 1) (5 5) (3 4) (2 3) (7 2)) ((8 1...

| | > (listSearcher '(((8 1) (6 1) (1 2) (4 1) (5 5) (3 4) (2 3) (7 2)) ((8 1) (6 1) (1 2) (4 1) (7 4) (2 3) (3 2) (5 6)) ((6 5...

| | > (listSearcher '(((8 1) (6 1) (1 2) (4 1) (7 4) (2 3) (3 2) (5 6)) ((6 5) (5 4) (1 2) (4 1) (8 5) (2 6) (7 5) (3 6)) ((6 4...

| | > (listSearcher '(((6 5) (5 4) (1 2) (4 1) (8 5) (2 6) (7 5) (3 6)) ((6 4) (2 1) (5 1) (4 1) (7 5) (8 3) (1 3) (3 6)) ((1 1...

| | > (listSearcher '(((6 4) (2 1) (5 1) (4 1) (7 5) (8 3) (1 3) (3 6)) ((1 1) (2 1) (7 5) (4 1) (5 3) (8 3) (6 2) (3 6)) ((5 4...

| | > (listSearcher '(((1 1) (2 1) (7 5) (4 1) (5 3) (8 3) (6 2) (3 6)) ((5 4) (2 1) (1 2) (4 1) (8 3) (3 4) (6 3) (7 2)) ((5 4...

| | > (listSearcher '(((5 4) (2 1) (1 2) (4 1) (8 3) (3 4) (6 3) (7 2)) ((5 4) (2 1) (1 2) (4 1) (7 4) (6 3) (3 2) (8 3)) ((6 5...

| | > (listSearcher '(((5 4) (2 1) (1 2) (4 1) (7 4) (6 3) (3 2) (8 3)) ((6 5) (5 4) (1 2) (4 1) (8 5) (2 6) (7 5) (3 6))) '(("...

| | > (listSearcher '(((6 5) (5 4) (1 2) (4 1) (8 5) (2 6) (7 5) (3 6))) '(("Z" "Z")) '(((1 1) (2 1) (3 1) (4 1) (5 3) (6 3) (7...

| | > (listSearcher '() '() '(((1 1) (2 1) (3 1) (4 1) (5 3) (6 3) (7 3) (8 3)) ((3 1) (1 1) (4 1) (2 1) (7 3) (5 3) (8 3) (6 3...

| | ()
| > (solveCube '(((1 1) (2 1) (3 1) (4 1) (5 3) (6 3) (7 3) (8 3)) ((3 1) (1 1) (4 1) (2 1) (7 3) (5 3) (8 3) (6 3)) ((4 1) (3 ...

| | > (genStatesOptimised 3 '((2 5) (8 6) (1 2) (4 1) (5 4) (6 6) (7 5) (3 6)) '())
| | | > (genStatesOptimised 2 '((5 1) (8 6) (2 5) (4 1) (7 5) (6 6) (1 3) (3 6)) '("x"))
| | | | > (genStatesOptimised 1 '((7 5) (8 6) (5 2) (4 1) (1 4) (6 6) (2 5) (3 6)) '("x" "x"))
| | | | ((((1 1) (8 6) (7 5) (4 1) (2 5) (6 6) (5 3) (3 6)) ((7 5) (8 6) (5 2) (4 1) (6 4) (3 4) (1 5) (2 2)) ((7 5) (8 6) (5 2...

| | | | > (genStatesOptimised 1 '((5 1) (8 6) (2 5) (4 1) (6 4) (3 4) (7 2) (1 3)) '("x" "y"))
| | | | ((((6 1) (8 6) (5 2) (4 1) (7 3) (3 4) (2 5) (1 3)) ((2 5) (8 6) (7 1) (4 1) (5 4) (3 4) (6 3) (1 3)) ((5 1) (8 6) (2 5...

| | | | > (genStatesOptimised 1 '((5 1) (8 6) (2 5) (4 1) (1 3) (7 4) (3 2) (6 2)) '("x" "Y"))
| | | | ((((1 4) (8 6) (5 2) (4 1) (3 3) (7 4) (2 5) (6 2)) ((2 5) (8 6) (3 1) (4 1) (5 4) (7 4) (1 2) (6 2)) ((5 1) (8 6) (2 5...

| | | | > (genStatesOptimised 1 '((8 1) (6 1) (2 5) (4 1) (5 5) (7 3) (1 3) (3 6)) '("x" "z"))
| | | | ((((5 5) (6 1) (8 2) (4 1) (1 4) (7 3) (2 5) (3 6)) ((2 5) (6 1) (1 2) (4 1) (8 4) (7 3) (5 5) (3 6)) ((8 1) (6 1) (2 5...

| | | | > (genStatesOptimised 1 '((7 1) (5 6) (2 5) (4 1) (6 3) (8 3) (1 3) (3 6)) '("x" "Z"))
| | | | ((((6 4) (5 6) (7 2) (4 1) (1 4) (8 3) (2 5) (3 6)) ((2 5) (5 6) (1 2) (4 1) (7 4) (8 3) (6 2) (3 6)) ((7 1) (5 6) (2 5...

| | | ((((1 1) (8 6) (7 5) (4 1) (2 5) (6 6) (5 3) (3 6)) ((7 5) (8 6) (5 2) (4 1) (6 4) (3 4) (1 5) (2 2)) ((7 5) (8 6) (5 2) ...

| | | > (genStatesOptimised 2 '((1 1) (8 6) (7 5) (4 1) (2 5) (6 6) (5 3) (3 6)) '("X"))
| | | | > (genStatesOptimised 1 '((7 5) (8 6) (5 2) (4 1) (1 4) (6 6) (2 5) (3 6)) '("X" "X"))
| | | | ((((5 1) (8 6) (2 5) (4 1) (7 5) (6 6) (1 3) (3 6)) ((7 5) (8 6) (5 2) (4 1) (6 4) (3 4) (1 5) (2 2)) ((7 5) (8 6) (5 2...

| | | | > (genStatesOptimised 1 '((1 1) (8 6) (7 5) (4 1) (6 4) (3 4) (2 2) (5 3)) '("X" "y"))
| | | | ((((6 1) (8 6) (1 2) (4 1) (2 3) (3 4) (7 5) (5 3)) ((7 5) (8 6) (2 1) (4 1) (1 4) (3 4) (6 3) (5 3)) ((1 1) (8 6) (7 5...

| | | | > (genStatesOptimised 1 '((1 1) (8 6) (7 5) (4 1) (5 3) (2 4) (3 2) (6 2)) '("X" "Y"))
| | | | ((((5 4) (8 6) (1 2) (4 1) (3 3) (2 4) (7 5) (6 2)) ((7 5) (8 6) (3 1) (4 1) (1 4) (2 4) (5 2) (6 2)) ((1 1) (8 6) (7 5...

| | | | > (genStatesOptimised 1 '((8 1) (6 1) (7 5) (4 1) (1 5) (2 3) (5 3) (3 6)) '("X" "z"))
| | | | ((((1 5) (6 1) (8 2) (4 1) (5 4) (2 3) (7 5) (3 6)) ((7 5) (6 1) (5 2) (4 1) (8 4) (2 3) (1 5) (3 6)) ((8 1) (6 1) (7 5...

| | | | > (genStatesOptimised 1 '((2 1) (1 6) (7 5) (4 1) (6 3) (8 3) (5 3) (3 6)) '("X" "Z"))
| | | | ((((6 4) (1 6) (2 2) (4 1) (5 4) (8 3) (7 5) (3 6)) ((7 5) (1 6) (5 2) (4 1) (2 4) (8 3) (6 2) (3 6)) ((2 1) (1 6) (7 5...

| | | ((((5 1) (8 6) (2 5) (4 1) (7 5) (6 6) (1 3) (3 6)) ((7 5) (8 6) (5 2) (4 1) (6 4) (3 4) (1 5) (2 2)) ((7 5) (8 6) (5 2) ...

| | | > (genStatesOptimised 2 '((2 5) (8 6) (1 2) (4 1) (6 4) (3 4) (5 5) (7 2)) '("y"))
| | | | > (genStatesOptimised 1 '((6 1) (8 6) (2 5) (4 1) (5 5) (3 4) (1 3) (7 2)) '("y" "x"))
| | | | ((((5 5) (8 6) (6 2) (4 1) (1 4) (3 4) (2 5) (7 2)) ((6 1) (8 6) (2 5) (4 1) (3 5) (7 6) (5 2) (1 3)) ((6 1) (8 6) (2 5...

| | | | > (genStatesOptimised 1 '((1 1) (8 6) (5 5) (4 1) (2 5) (3 4) (6 3) (7 2)) '("y" "X"))
| | | | ((((5 5) (8 6) (6 2) (4 1) (1 4) (3 4) (2 5) (7 2)) ((1 1) (8 6) (5 5) (4 1) (3 5) (7 6) (2 2) (6 3)) ((1 1) (8 6) (5 5...

| | | | > (genStatesOptimised 1 '((2 5) (8 6) (1 2) (4 1) (3 5) (7 6) (6 5) (5 2)) '("y" "y"))
| | | | ((((3 5) (8 6) (2 5) (4 1) (6 5) (7 6) (1 3) (5 2)) ((1 1) (8 6) (6 5) (4 1) (2 5) (7 6) (3 5) (5 2)) ((2 5) (8 6) (1 2...

| | | | > (genStatesOptimised 1 '((8 1) (3 4) (1 2) (4 1) (2 3) (6 4) (5 5) (7 2)) '("y" "z"))
| | | | ((((2 4) (3 4) (8 2) (4 1) (5 5) (6 4) (1 3) (7 2)) ((1 1) (3 4) (5 5) (4 1) (8 4) (6 4) (2 2) (7 2)) ((8 1) (3 4) (1 2...

| | | | > (genStatesOptimised 1 '((6 4) (2 1) (1 2) (4 1) (3 4) (8 3) (5 5) (7 2)) '("y" "Z"))
| | | | ((((3 1) (2 1) (6 1) (4 1) (5 5) (8 3) (1 3) (7 2)) ((1 1) (2 1) (5 5) (4 1) (6 3) (8 3) (3 3) (7 2)) ((6 4) (2 1) (1 2...

| | | ((((5 5) (8 6) (6 2) (4 1) (1 4) (3 4) (2 5) (7 2)) ((6 1) (8 6) (2 5) (4 1) (3 5) (7 6) (5 2) (1 3)) ((6 1) (8 6) (2 5) ...

| | | > (genStatesOptimised 2 '((2 5) (8 6) (1 2) (4 1) (7 4) (5 6) (3 2) (6 2)) '("Y"))
| | | | > (genStatesOptimised 1 '((7 1) (8 6) (2 5) (4 1) (3 3) (5 6) (1 3) (6 2)) '("Y" "x"))
| | | | ((((3 4) (8 6) (7 2) (4 1) (1 4) (5 6) (2 5) (6 2)) ((7 1) (8 6) (2 5) (4 1) (5 4) (6 6) (3 3) (1 3)) ((7 1) (8 6) (2 5...

| | | | > (genStatesOptimised 1 '((1 1) (8 6) (3 1) (4 1) (2 5) (5 6) (7 3) (6 2)) '("Y" "X"))
| | | | ((((3 4) (8 6) (7 2) (4 1) (1 4) (5 6) (2 5) (6 2)) ((1 1) (8 6) (3 1) (4 1) (5 4) (6 6) (2 2) (7 3)) ((1 1) (8 6) (3 1...

| | | | > (genStatesOptimised 1 '((2 5) (8 6) (1 2) (4 1) (3 5) (7 6) (6 5) (5 2)) '("Y" "Y"))
| | | | ((((3 5) (8 6) (2 5) (4 1) (6 5) (7 6) (1 3) (5 2)) ((1 1) (8 6) (6 5) (4 1) (2 5) (7 6) (3 5) (5 2)) ((2 5) (8 6) (1 2...

| | | | > (genStatesOptimised 1 '((8 1) (5 1) (1 2) (4 1) (2 3) (7 4) (3 2) (6 2)) '("Y" "z"))
| | | | ((((2 4) (5 1) (8 2) (4 1) (3 3) (7 4) (1 3) (6 2)) ((1 1) (5 1) (3 1) (4 1) (8 4) (7 4) (2 2) (6 2)) ((8 1) (5 1) (1 2...

| | | | > (genStatesOptimised 1 '((7 4) (2 1) (1 2) (4 1) (5 3) (8 3) (3 2) (6 2)) '("Y" "Z"))
| | | | ((((5 4) (2 1) (7 1) (4 1) (3 3) (8 3) (1 3) (6 2)) ((1 1) (2 1) (3 1) (4 1) (7 3) (8 3) (5 2) (6 2)) ((7 4) (2 1) (1 2...

| | | ((((3 4) (8 6) (7 2) (4 1) (1 4) (5 6) (2 5) (6 2)) ((7 1) (8 6) (2 5) (4 1) (5 4) (6 6) (3 3) (1 3)) ((7 1) (8 6) (2 5) ...

| | | > (genStatesOptimised 2 '((8 1) (6 1) (1 2) (4 1) (2 3) (5 4) (7 5) (3 6)) '("z"))
| | | | > (genStatesOptimised 1 '((2 4) (6 1) (8 2) (4 1) (7 5) (5 4) (1 3) (3 6)) '("z" "x"))
| | | | ((((7 5) (6 1) (2 1) (4 1) (1 4) (5 4) (8 3) (3 6)) ((2 4) (6 1) (8 2) (4 1) (5 5) (3 4) (7 2) (1 3)) ((2 4) (6 1) (8 2...

| | | | > (genStatesOptimised 1 '((1 1) (6 1) (7 5) (4 1) (8 4) (5 4) (2 2) (3 6)) '("z" "X"))
| | | | ((((7 5) (6 1) (2 1) (4 1) (1 4) (5 4) (8 3) (3 6)) ((1 1) (6 1) (7 5) (4 1) (5 5) (3 4) (8 5) (2 6)) ((1 1) (6 1) (7 5...

| | | | > (genStatesOptimised 1 '((8 1) (6 1) (1 2) (4 1) (5 5) (3 4) (2 3) (7 2)) '("z" "y"))
| | | | ((((5 5) (6 1) (8 2) (4 1) (2 4) (3 4) (1 3) (7 2)) ((1 1) (6 1) (2 2) (4 1) (8 4) (3 4) (5 5) (7 2)) ((8 1) (6 1) (1 2...

| | | | > (genStatesOptimised 1 '((8 1) (6 1) (1 2) (4 1) (7 4) (2 3) (3 2) (5 6)) '("z" "Y"))
| | | | ((((7 1) (6 1) (8 2) (4 1) (3 3) (2 3) (1 3) (5 6)) ((1 1) (6 1) (3 1) (4 1) (8 4) (2 3) (7 3) (5 6)) ((8 1) (6 1) (1 2...

| | | | > (genStatesOptimised 1 '((6 5) (5 4) (1 2) (4 1) (8 5) (2 6) (7 5) (3 6)) '("z" "z"))
| | | | ((((8 5) (5 4) (6 5) (4 1) (7 5) (2 6) (1 3) (3 6)) ((1 1) (5 4) (7 5) (4 1) (6 5) (2 6) (8 5) (3 6)) ((6 5) (5 4) (1 2...

| | | ((((7 5) (6 1) (2 1) (4 1) (1 4) (5 4) (8 3) (3 6)) ((2 4) (6 1) (8 2) (4 1) (5 5) (3 4) (7 2) (1 3)) ((2 4) (6 1) (8 2) ...

| | | > (genStatesOptimised 2 '((5 4) (2 1) (1 2) (4 1) (6 3) (8 3) (7 5) (3 6)) '("Z"))
| | | | > (genStatesOptimised 1 '((6 4) (2 1) (5 1) (4 1) (7 5) (8 3) (1 3) (3 6)) '("Z" "x"))
| | | | ((((7 5) (2 1) (6 1) (4 1) (1 4) (8 3) (5 2) (3 6)) ((6 4) (2 1) (5 1) (4 1) (8 3) (3 4) (7 2) (1 3)) ((6 4) (2 1) (5 1...

| | | | > (genStatesOptimised 1 '((1 1) (2 1) (7 5) (4 1) (5 3) (8 3) (6 2) (3 6)) '("Z" "X"))
| | | | ((((7 5) (2 1) (6 1) (4 1) (1 4) (8 3) (5 2) (3 6)) ((1 1) (2 1) (7 5) (4 1) (8 3) (3 4) (5 3) (6 6)) ((1 1) (2 1) (7 5...

| | | | > (genStatesOptimised 1 '((5 4) (2 1) (1 2) (4 1) (8 3) (3 4) (6 3) (7 2)) '("Z" "y"))
| | | | ((((8 4) (2 1) (5 1) (4 1) (6 4) (3 4) (1 3) (7 2)) ((1 1) (2 1) (6 2) (4 1) (5 3) (3 4) (8 2) (7 2)) ((5 4) (2 1) (1 2...

| | | | > (genStatesOptimised 1 '((5 4) (2 1) (1 2) (4 1) (7 4) (6 3) (3 2) (8 3)) '("Z" "Y"))
| | | | ((((7 1) (2 1) (5 1) (4 1) (3 3) (6 3) (1 3) (8 3)) ((1 1) (2 1) (3 1) (4 1) (5 3) (6 3) (7 3) (8 3)) ((5 4) (2 1) (1 2...

| | | | > (genStatesOptimised 1 '((6 5) (5 4) (1 2) (4 1) (8 5) (2 6) (7 5) (3 6)) '("Z" "Z"))
| | | | ((((8 5) (5 4) (6 5) (4 1) (7 5) (2 6) (1 3) (3 6)) ((1 1) (5 4) (7 5) (4 1) (6 5) (2 6) (8 5) (3 6)) ((6 5) (5 4) (1 2...

| | | ((((7 5) (2 1) (6 1) (4 1) (1 4) (8 3) (5 2) (3 6)) ((6 4) (2 1) (5 1) (4 1) (8 3) (3 4) (7 2) (1 3)) ((6 4) (2 1) (5 1) ...

| | ((((1 1) (8 6) (7 5) (4 1) (2 5) (6 6) (5 3) (3 6)) ((7 5) (8 6) (5 2) (4 1) (6 4) (3 4) (1 5) (2 2)) ((7 5) (8 6) (5 2) (4...

| | > (listSearcher '(((1 1) (8 6) (7 5) (4 1) (2 5) (6 6) (5 3) (3 6)) ((7 5) (8 6) (5 2) (4 1) (6 4) (3 4) (1 5) (2 2)) ((7 5...

| | > (listSearcher '(((7 5) (8 6) (5 2) (4 1) (6 4) (3 4) (1 5) (2 2)) ((7 5) (8 6) (5 2) (4 1) (2 4) (1 6) (3 2) (6 2)) ((8 1...

| | > (listSearcher '(((7 5) (8 6) (5 2) (4 1) (2 4) (1 6) (3 2) (6 2)) ((8 1) (6 1) (5 2) (4 1) (7 3) (1 4) (2 5) (3 6)) ((1 4...

| | > (listSearcher '(((8 1) (6 1) (5 2) (4 1) (7 3) (1 4) (2 5) (3 6)) ((1 4) (7 1) (5 2) (4 1) (6 3) (8 3) (2 5) (3 6)) ((6 1...

| | > (listSearcher '(((1 4) (7 1) (5 2) (4 1) (6 3) (8 3) (2 5) (3 6)) ((6 1) (8 6) (5 2) (4 1) (7 3) (3 4) (2 5) (1 3)) ((2 5...

| | > (listSearcher '(((6 1) (8 6) (5 2) (4 1) (7 3) (3 4) (2 5) (1 3)) ((2 5) (8 6) (7 1) (4 1) (5 4) (3 4) (6 3) (1 3)) ((5 1...

| | > (listSearcher '(((2 5) (8 6) (7 1) (4 1) (5 4) (3 4) (6 3) (1 3)) ((5 1) (8 6) (2 5) (4 1) (3 5) (1 3) (6 5) (7 6)) ((8 1...

| | > (listSearcher '(((5 1) (8 6) (2 5) (4 1) (3 5) (1 3) (6 5) (7 6)) ((8 1) (3 4) (2 5) (4 1) (5 5) (6 4) (7 2) (1 3)) ((6 4...

| | > (listSearcher '(((8 1) (3 4) (2 5) (4 1) (5 5) (6 4) (7 2) (1 3)) ((6 4) (5 6) (2 5) (4 1) (3 4) (8 3) (7 2) (1 3)) ((1 4...

| | > (listSearcher '(((6 4) (5 6) (2 5) (4 1) (3 4) (8 3) (7 2) (1 3)) ((1 4) (8 6) (5 2) (4 1) (3 3) (7 4) (2 5) (6 2)) ((2 5...

| | > (listSearcher '(((1 4) (8 6) (5 2) (4 1) (3 3) (7 4) (2 5) (6 2)) ((2 5) (8 6) (3 1) (4 1) (5 4) (7 4) (1 2) (6 2)) ((5 1...

| | > (listSearcher '(((2 5) (8 6) (3 1) (4 1) (5 4) (7 4) (1 2) (6 2)) ((5 1) (8 6) (2 5) (4 1) (3 5) (1 3) (6 5) (7 6)) ((8 1...

| | > (listSearcher '(((5 1) (8 6) (2 5) (4 1) (3 5) (1 3) (6 5) (7 6)) ((8 1) (7 4) (2 5) (4 1) (5 5) (1 6) (3 2) (6 2)) ((1 5...

| | > (listSearcher '(((8 1) (7 4) (2 5) (4 1) (5 5) (1 6) (3 2) (6 2)) ((1 5) (5 6) (2 5) (4 1) (7 4) (8 3) (3 2) (6 2)) ((5 5...

| | > (listSearcher '(((1 5) (5 6) (2 5) (4 1) (7 4) (8 3) (3 2) (6 2)) ((5 5) (6 1) (8 2) (4 1) (1 4) (7 3) (2 5) (3 6)) ((2 5...

| | > (listSearcher '(((5 5) (6 1) (8 2) (4 1) (1 4) (7 3) (2 5) (3 6)) ((2 5) (6 1) (1 2) (4 1) (8 4) (7 3) (5 5) (3 6)) ((8 1...

| | > (listSearcher '(((2 5) (6 1) (1 2) (4 1) (8 4) (7 3) (5 5) (3 6)) ((8 1) (6 1) (2 5) (4 1) (7 3) (3 4) (5 2) (1 3)) ((8 1...