# Brian Mc George
# MCGBRI004
# 17-04-2015
# Tail recursive code
# This solveCube flavour uses genStatesOptimisedTailRecursive to generate states, it is slower but is tail recursive
# This is only a snip-it since the output is very long
# Test command: (solveCubeSafe solvedStates (rotate "xyz" '((1 1) (2 1) (3 1) (4 1) (5 3) (6 3) (7 3) (8 3))) 0)

> (solveCubeSlow solvedStates (rotate "xyz" '((1 1) (2 1) (3 1) (4 1) (5 3) (6 3) (7 3) (8 3))) 0))
| > (solveCubeSlow '(((1 1) (2 1) (3 1) (4 1) (5 3) (6 3) (7 3) (8 3)) ((3 1) (1 1) (4 1) (2 1) (7 3) (5 3) (8 3) (6 3)) ((4 1)...

| | > (genStates 0 '((2 5) (8 6) (1 2) (4 1) (5 4) (6 6) (7 5) (3 6)) '())
| | ((((2 5) (8 6) (1 2) (4 1) (5 4) (6 6) (7 5) (3 6))) (()))
| | > (listSearcher '(((2 5) (8 6) (1 2) (4 1) (5 4) (6 6) (7 5) (3 6))) '(()) '(((1 1) (2 1) (3 1) (4 1) (5 3) (6 3) (7 3) (8 ...

| | > (listSearcher '() '() '(((1 1) (2 1) (3 1) (4 1) (5 3) (6 3) (7 3) (8 3)) ((3 1) (1 1) (4 1) (2 1) (7 3) (5 3) (8 3) (6 3...

| | ()
| > (solveCubeSlow '(((1 1) (2 1) (3 1) (4 1) (5 3) (6 3) (7 3) (8 3)) ((3 1) (1 1) (4 1) (2 1) (7 3) (5 3) (8 3) (6 3)) ((4 1)...

| | > (genStates 1 '((2 5) (8 6) (1 2) (4 1) (5 4) (6 6) (7 5) (3 6)) '())
| | ((((5 1) (8 6) (2 5) (4 1) (7 5) (6 6) (1 3) (3 6)) ((1 1) (8 6) (7 5) (4 1) (2 5) (6 6) (5 3) (3 6)) ((2 5) (8 6) (1 2) (4...

| | > (listSearcher '(((5 1) (8 6) (2 5) (4 1) (7 5) (6 6) (1 3) (3 6)) ((1 1) (8 6) (7 5) (4 1) (2 5) (6 6) (5 3) (3 6)) ((2 5...

| | > (listSearcher '(((1 1) (8 6) (7 5) (4 1) (2 5) (6 6) (5 3) (3 6)) ((2 5) (8 6) (1 2) (4 1) (6 4) (3 4) (5 5) (7 2)) ((2 5...

| | > (listSearcher '(((2 5) (8 6) (1 2) (4 1) (6 4) (3 4) (5 5) (7 2)) ((2 5) (8 6) (1 2) (4 1) (7 4) (5 6) (3 2) (6 2)) ((8 1...

| | > (listSearcher '(((2 5) (8 6) (1 2) (4 1) (7 4) (5 6) (3 2) (6 2)) ((8 1) (6 1) (1 2) (4 1) (2 3) (5 4) (7 5) (3 6)) ((5 4...

| | > (listSearcher '(((8 1) (6 1) (1 2) (4 1) (2 3) (5 4) (7 5) (3 6)) ((5 4) (2 1) (1 2) (4 1) (6 3) (8 3) (7 5) (3 6))) '(("...

| | > (listSearcher '(((5 4) (2 1) (1 2) (4 1) (6 3) (8 3) (7 5) (3 6))) '(("Z")) '(((1 1) (2 1) (3 1) (4 1) (5 3) (6 3) (7 3) ...

| | > (listSearcher '() '() '(((1 1) (2 1) (3 1) (4 1) (5 3) (6 3) (7 3) (8 3)) ((3 1) (1 1) (4 1) (2 1) (7 3) (5 3) (8 3) (6 3...

| | ()
| > (solveCubeSlow '(((1 1) (2 1) (3 1) (4 1) (5 3) (6 3) (7 3) (8 3)) ((3 1) (1 1) (4 1) (2 1) (7 3) (5 3) (8 3) (6 3)) ((4 1)...

| | > (genStates 2 '((2 5) (8 6) (1 2) (4 1) (5 4) (6 6) (7 5) (3 6)) '())
| | ((((7 5) (8 6) (5 2) (4 1) (1 4) (6 6) (2 5) (3 6)) ((2 5) (8 6) (1 2) (4 1) (5 4) (6 6) (7 5) (3 6)) ((5 1) (8 6) (2 5) (4...

| | > (listSearcher '(((7 5) (8 6) (5 2) (4 1) (1 4) (6 6) (2 5) (3 6)) ((2 5) (8 6) (1 2) (4 1) (5 4) (6 6) (7 5) (3 6)) ((5 1...

| | > (listSearcher '(((2 5) (8 6) (1 2) (4 1) (5 4) (6 6) (7 5) (3 6)) ((5 1) (8 6) (2 5) (4 1) (6 4) (3 4) (7 2) (1 3)) ((5 1...

| | > (listSearcher '(((5 1) (8 6) (2 5) (4 1) (6 4) (3 4) (7 2) (1 3)) ((5 1) (8 6) (2 5) (4 1) (1 3) (7 4) (3 2) (6 2)) ((8 1...

| | > (listSearcher '(((5 1) (8 6) (2 5) (4 1) (1 3) (7 4) (3 2) (6 2)) ((8 1) (6 1) (2 5) (4 1) (5 5) (7 3) (1 3) (3 6)) ((7 1...

| | > (listSearcher '(((8 1) (6 1) (2 5) (4 1) (5 5) (7 3) (1 3) (3 6)) ((7 1) (5 6) (2 5) (4 1) (6 3) (8 3) (1 3) (3 6)) ((2 5...

| | > (listSearcher '(((7 1) (5 6) (2 5) (4 1) (6 3) (8 3) (1 3) (3 6)) ((2 5) (8 6) (1 2) (4 1) (5 4) (6 6) (7 5) (3 6)) ((7 5...

| | > (listSearcher '(((2 5) (8 6) (1 2) (4 1) (5 4) (6 6) (7 5) (3 6)) ((7 5) (8 6) (5 2) (4 1) (1 4) (6 6) (2 5) (3 6)) ((1 1...

| | > (listSearcher '(((7 5) (8 6) (5 2) (4 1) (1 4) (6 6) (2 5) (3 6)) ((1 1) (8 6) (7 5) (4 1) (6 4) (3 4) (2 2) (5 3)) ((1 1...

| | > (listSearcher '(((1 1) (8 6) (7 5) (4 1) (6 4) (3 4) (2 2) (5 3)) ((1 1) (8 6) (7 5) (4 1) (5 3) (2 4) (3 2) (6 2)) ((8 1...

| | > (listSearcher '(((1 1) (8 6) (7 5) (4 1) (5 3) (2 4) (3 2) (6 2)) ((8 1) (6 1) (7 5) (4 1) (1 5) (2 3) (5 3) (3 6)) ((2 1...

| | > (listSearcher '(((8 1) (6 1) (7 5) (4 1) (1 5) (2 3) (5 3) (3 6)) ((2 1) (1 6) (7 5) (4 1) (6 3) (8 3) (5 3) (3 6)) ((6 1...

| | > (listSearcher '(((2 1) (1 6) (7 5) (4 1) (6 3) (8 3) (5 3) (3 6)) ((6 1) (8 6) (2 5) (4 1) (5 5) (3 4) (1 3) (7 2)) ((1 1...

| | > (listSearcher '(((6 1) (8 6) (2 5) (4 1) (5 5) (3 4) (1 3) (7 2)) ((1 1) (8 6) (5 5) (4 1) (2 5) (3 4) (6 3) (7 2)) ((2 5...

| | > (listSearcher '(((1 1) (8 6) (5 5) (4 1) (2 5) (3 4) (6 3) (7 2)) ((2 5) (8 6) (1 2) (4 1) (3 5) (7 6) (6 5) (5 2)) ((2 5...

| | > (listSearcher '(((2 5) (8 6) (1 2) (4 1) (3 5) (7 6) (6 5) (5 2)) ((2 5) (8 6) (1 2) (4 1) (5 4) (6 6) (7 5) (3 6)) ((8 1...

| | > (listSearcher '(((2 5) (8 6) (1 2) (4 1) (5 4) (6 6) (7 5) (3 6)) ((8 1) (3 4) (1 2) (4 1) (2 3) (6 4) (5 5) (7 2)) ((6 4...

| | > (listSearcher '(((8 1) (3 4) (1 2) (4 1) (2 3) (6 4) (5 5) (7 2)) ((6 4) (2 1) (1 2) (4 1) (3 4) (8 3) (5 5) (7 2)) ((7 1...

| | > (listSearcher '(((6 4) (2 1) (1 2) (4 1) (3 4) (8 3) (5 5) (7 2)) ((7 1) (8 6) (2 5) (4 1) (3 3) (5 6) (1 3) (6 2)) ((1 1...

| | > (listSearcher '(((7 1) (8 6) (2 5) (4 1) (3 3) (5 6) (1 3) (6 2)) ((1 1) (8 6) (3 1) (4 1) (2 5) (5 6) (7 3) (6 2)) ((2 5...

| | > (listSearcher '(((1 1) (8 6) (3 1) (4 1) (2 5) (5 6) (7 3) (6 2)) ((2 5) (8 6) (1 2) (4 1) (5 4) (6 6) (7 5) (3 6)) ((2 5...

| | > (listSearcher '(((2 5) (8 6) (1 2) (4 1) (5 4) (6 6) (7 5) (3 6)) ((2 5) (8 6) (1 2) (4 1) (3 5) (7 6) (6 5) (5 2)) ((8 1...

| | > (listSearcher '(((2 5) (8 6) (1 2) (4 1) (3 5) (7 6) (6 5) (5 2)) ((8 1) (5 1) (1 2) (4 1) (2 3) (7 4) (3 2) (6 2)) ((7 4...

| | > (listSearcher '(((8 1) (5 1) (1 2) (4 1) (2 3) (7 4) (3 2) (6 2)) ((7 4) (2 1) (1 2) (4 1) (5 3) (8 3) (3 2) (6 2)) ((2 4...

| | > (listSearcher '(((7 4) (2 1) (1 2) (4 1) (5 3) (8 3) (3 2) (6 2)) ((2 4) (6 1) (8 2) (4 1) (7 5) (5 4) (1 3) (3 6)) ((1 1...

| | > (listSearcher '(((2 4) (6 1) (8 2) (4 1) (7 5) (5 4) (1 3) (3 6)) ((1 1) (6 1) (7 5) (4 1) (8 4) (5 4) (2 2) (3 6)) ((8 1...

| | > (listSearcher '(((1 1) (6 1) (7 5) (4 1) (8 4) (5 4) (2 2) (3 6)) ((8 1) (6 1) (1 2) (4 1) (5 5) (3 4) (2 3) (7 2)) ((8 1...

| | > (listSearcher '(((8 1) (6 1) (1 2) (4 1) (5 5) (3 4) (2 3) (7 2)) ((8 1) (6 1) (1 2) (4 1) (7 4) (2 3) (3 2) (5 6)) ((6 5...

| | > (listSearcher '(((8 1) (6 1) (1 2) (4 1) (7 4) (2 3) (3 2) (5 6)) ((6 5) (5 4) (1 2) (4 1) (8 5) (2 6) (7 5) (3 6)) ((2 5...

| | > (listSearcher '(((6 5) (5 4) (1 2) (4 1) (8 5) (2 6) (7 5) (3 6)) ((2 5) (8 6) (1 2) (4 1) (5 4) (6 6) (7 5) (3 6)) ((6 4...

| | > (listSearcher '(((2 5) (8 6) (1 2) (4 1) (5 4) (6 6) (7 5) (3 6)) ((6 4) (2 1) (5 1) (4 1) (7 5) (8 3) (1 3) (3 6)) ((1 1...

| | > (listSearcher '(((6 4) (2 1) (5 1) (4 1) (7 5) (8 3) (1 3) (3 6)) ((1 1) (2 1) (7 5) (4 1) (5 3) (8 3) (6 2) (3 6)) ((5 4...

| | > (listSearcher '(((1 1) (2 1) (7 5) (4 1) (5 3) (8 3) (6 2) (3 6)) ((5 4) (2 1) (1 2) (4 1) (8 3) (3 4) (6 3) (7 2)) ((5 4...

| | > (listSearcher '(((5 4) (2 1) (1 2) (4 1) (8 3) (3 4) (6 3) (7 2)) ((5 4) (2 1) (1 2) (4 1) (7 4) (6 3) (3 2) (8 3)) ((2 5...

| | > (listSearcher '(((5 4) (2 1) (1 2) (4 1) (7 4) (6 3) (3 2) (8 3)) ((2 5) (8 6) (1 2) (4 1) (5 4) (6 6) (7 5) (3 6)) ((6 5...

| | > (listSearcher '(((2 5) (8 6) (1 2) (4 1) (5 4) (6 6) (7 5) (3 6)) ((6 5) (5 4) (1 2) (4 1) (8 5) (2 6) (7 5) (3 6))) '(("...

| | > (listSearcher '(((6 5) (5 4) (1 2) (4 1) (8 5) (2 6) (7 5) (3 6))) '(("Z" "Z")) '(((1 1) (2 1) (3 1) (4 1) (5 3) (6 3) (7...

| | > (listSearcher '() '() '(((1 1) (2 1) (3 1) (4 1) (5 3) (6 3) (7 3) (8 3)) ((3 1) (1 1) (4 1) (2 1) (7 3) (5 3) (8 3) (6 3...

| | ()
| > (solveCubeSlow '(((1 1) (2 1) (3 1) (4 1) (5 3) (6 3) (7 3) (8 3)) ((3 1) (1 1) (4 1) (2 1) (7 3) (5 3) (8 3) (6 3)) ((4 1)...

| | > (genStates 3 '((2 5) (8 6) (1 2) (4 1) (5 4) (6 6) (7 5) (3 6)) '())
| | ((((1 1) (8 6) (7 5) (4 1) (2 5) (6 6) (5 3) (3 6)) ((5 1) (8 6) (2 5) (4 1) (7 5) (6 6) (1 3) (3 6)) ((7 5) (8 6) (5 2) (4...

| | > (listSearcher '(((1 1) (8 6) (7 5) (4 1) (2 5) (6 6) (5 3) (3 6)) ((5 1) (8 6) (2 5) (4 1) (7 5) (6 6) (1 3) (3 6)) ((7 5...

| | > (listSearcher '(((5 1) (8 6) (2 5) (4 1) (7 5) (6 6) (1 3) (3 6)) ((7 5) (8 6) (5 2) (4 1) (6 4) (3 4) (1 5) (2 2)) ((7 5...

| | > (listSearcher '(((7 5) (8 6) (5 2) (4 1) (6 4) (3 4) (1 5) (2 2)) ((7 5) (8 6) (5 2) (4 1) (2 4) (1 6) (3 2) (6 2)) ((8 1...

| | > (listSearcher '(((7 5) (8 6) (5 2) (4 1) (2 4) (1 6) (3 2) (6 2)) ((8 1) (6 1) (5 2) (4 1) (7 3) (1 4) (2 5) (3 6)) ((1 4...

| | > (listSearcher '(((8 1) (6 1) (5 2) (4 1) (7 3) (1 4) (2 5) (3 6)) ((1 4) (7 1) (5 2) (4 1) (6 3) (8 3) (2 5) (3 6)) ((5 1...

| | > (listSearcher '(((1 4) (7 1) (5 2) (4 1) (6 3) (8 3) (2 5) (3 6)) ((5 1) (8 6) (2 5) (4 1) (7 5) (6 6) (1 3) (3 6)) ((1 1...

| | > (listSearcher '(((5 1) (8 6) (2 5) (4 1) (7 5) (6 6) (1 3) (3 6)) ((1 1) (8 6) (7 5) (4 1) (2 5) (6 6) (5 3) (3 6)) ((2 5...

| | > (listSearcher '(((1 1) (8 6) (7 5) (4 1) (2 5) (6 6) (5 3) (3 6)) ((2 5) (8 6) (1 2) (4 1) (6 4) (3 4) (5 5) (7 2)) ((2 5...

| | > (listSearcher '(((2 5) (8 6) (1 2) (4 1) (6 4) (3 4) (5 5) (7 2)) ((2 5) (8